10:35:57  [main] 	Initializing Control Panel
10:35:57  [main] 	Windows Version: Windows 8.1 Pro  32-bit
10:35:57  [main] 	XAMPP Version: 7.1.11
10:35:57  [main] 	Control Panel Version: 3.2.2  [ Compiled: Nov 12th 2015 ]
10:35:57  [main] 	You are not running with administrator rights! This will work for
10:35:57  [main] 	most application stuff but whenever you do something with services
10:35:57  [main] 	there will be a security dialogue or things will break! So think 
10:35:57  [main] 	about running this application with administrator rights!
10:35:57  [main] 	XAMPP Installation Directory: "c:\xampp\"
10:35:57  [main] 	Checking for prerequisites
10:36:05  [main] 	All prerequisites found
10:36:05  [main] 	Initializing Modules
10:36:05  [main] 	Starting Check-Timer
10:36:05  [main] 	Control Panel Ready
16:19:06  [main] 	Deinitializing Modules
16:19:06  [main] 	Deinitializing Control Panel

11:39:08  [main] 	Initializing Control Panel
11:39:08  [main] 	Windows Version: Windows 8.1 Pro  32-bit
11:39:08  [main] 	XAMPP Version: 7.1.11
11:39:08  [main] 	Control Panel Version: 3.2.2  [ Compiled: Nov 12th 2015 ]
11:39:08  [main] 	You are not running with administrator rights! This will work for
11:39:08  [main] 	most application stuff but whenever you do something with services
11:39:08  [main] 	there will be a security dialogue or things will break! So think 
11:39:08  [main] 	about running this application with administrator rights!
11:39:08  [main] 	XAMPP Installation Directory: "c:\xampp\"
11:39:08  [main] 	Checking for prerequisites
11:39:23  [main] 	All prerequisites found
11:39:23  [main] 	Initializing Modules
11:39:24  [main] 	Starting Check-Timer
11:39:24  [main] 	Control Panel Ready
12:13:43  [main] 	Deinitializing Modules
12:13:44  [main] 	Deinitializing Control Panel

