::1 - - [13/Dec/2017:10:16:08 -0400] "GET /phpmyadmin/ HTTP/1.1" 200 13480 "-" "Mozilla/5.0 (Windows NT 6.3) AppleWebKit/537.36 (KHTML, like Gecko) Chrome/62.0.3202.94 Safari/537.36"
::1 - - [13/Dec/2017:10:16:11 -0400] "GET /phpmyadmin/themes/pmahomme/jquery/jquery-ui.css HTTP/1.1" 200 36566 "-" "Mozilla/5.0 (Windows NT 6.3) AppleWebKit/537.36 (KHTML, like Gecko) Chrome/62.0.3202.94 Safari/537.36"
::1 - - [13/Dec/2017:10:16:11 -0400] "GET /phpmyadmin/js/codemirror/addon/hint/show-hint.css?v=4.7.4 HTTP/1.1" 200 623 "-" "Mozilla/5.0 (Windows NT 6.3) AppleWebKit/537.36 (KHTML, like Gecko) Chrome/62.0.3202.94 Safari/537.36"
::1 - - [13/Dec/2017:10:16:11 -0400] "GET /phpmyadmin/js/codemirror/lib/codemirror.css?v=4.7.4 HTTP/1.1" 200 8132 "-" "Mozilla/5.0 (Windows NT 6.3) AppleWebKit/537.36 (KHTML, like Gecko) Chrome/62.0.3202.94 Safari/537.36"
::1 - - [13/Dec/2017:10:16:11 -0400] "GET /phpmyadmin/js/codemirror/addon/lint/lint.css?v=4.7.4 HTTP/1.1" 200 2999 "-" "Mozilla/5.0 (Windows NT 6.3) AppleWebKit/537.36 (KHTML, like Gecko) Chrome/62.0.3202.94 Safari/537.36"
::1 - - [13/Dec/2017:10:16:11 -0400] "GET /phpmyadmin/phpmyadmin.css.php?nocache=5967511617ltr&server=1 HTTP/1.1" 200 20142 "-" "Mozilla/5.0 (Windows NT 6.3) AppleWebKit/537.36 (KHTML, like Gecko) Chrome/62.0.3202.94 Safari/537.36"
::1 - - [13/Dec/2017:10:16:11 -0400] "GET /phpmyadmin/js/get_scripts.js.php?scripts%5B%5D=jquery/jquery.ba-hashchange-1.3.js&scripts%5B%5D=jquery/jquery.debounce-1.0.5.js&scripts%5B%5D=menu-resizer.js&scripts%5B%5D=cross_framing_protection.js&scripts%5B%5D=rte.js&scripts%5B%5D=tracekit/tracekit.js&scripts%5B%5D=error_report.js&scripts%5B%5D=config.js&scripts%5B%5D=doclinks.js&scripts%5B%5D=functions.js&v=4.7.4 HTTP/1.1" 200 76958 "-" "Mozilla/5.0 (Windows NT 6.3) AppleWebKit/537.36 (KHTML, like Gecko) Chrome/62.0.3202.94 Safari/537.36"
::1 - - [13/Dec/2017:10:16:11 -0400] "GET /phpmyadmin/js/get_scripts.js.php?scripts%5B%5D=jquery/jquery.min.js&scripts%5B%5D=jquery/jquery-migrate-3.0.0.js&scripts%5B%5D=sprintf.js&scripts%5B%5D=ajax.js&scripts%5B%5D=keyhandler.js&scripts%5B%5D=jquery/jquery-ui.min.js&scripts%5B%5D=jquery/jquery.cookie.js&scripts%5B%5D=jquery/jquery.mousewheel.js&scripts%5B%5D=jquery/jquery.event.drag-2.2.js&scripts%5B%5D=jquery/jquery-ui-timepicker-addon.js&v=4.7.4 HTTP/1.1" 200 138812 "-" "Mozilla/5.0 (Windows NT 6.3) AppleWebKit/537.36 (KHTML, like Gecko) Chrome/62.0.3202.94 Safari/537.36"
::1 - - [13/Dec/2017:10:16:11 -0400] "GET /phpmyadmin/js/get_scripts.js.php?scripts%5B%5D=navigation.js&scripts%5B%5D=indexes.js&scripts%5B%5D=common.js&scripts%5B%5D=page_settings.js&scripts%5B%5D=shortcuts_handler.js&scripts%5B%5D=codemirror/lib/codemirror.js&scripts%5B%5D=codemirror/mode/sql/sql.js&scripts%5B%5D=codemirror/addon/runmode/runmode.js&scripts%5B%5D=codemirror/addon/hint/show-hint.js&scripts%5B%5D=codemirror/addon/hint/sql-hint.js&v=4.7.4 HTTP/1.1" 200 135447 "-" "Mozilla/5.0 (Windows NT 6.3) AppleWebKit/537.36 (KHTML, like Gecko) Chrome/62.0.3202.94 Safari/537.36"
::1 - - [13/Dec/2017:10:16:11 -0400] "GET /phpmyadmin/js/get_scripts.js.php?scripts%5B%5D=codemirror/addon/lint/lint.js&scripts%5B%5D=codemirror/addon/lint/sql-lint.js&scripts%5B%5D=console.js&v=4.7.4 HTTP/1.1" 200 13176 "-" "Mozilla/5.0 (Windows NT 6.3) AppleWebKit/537.36 (KHTML, like Gecko) Chrome/62.0.3202.94 Safari/537.36"
::1 - - [13/Dec/2017:10:16:11 -0400] "GET /phpmyadmin/js/whitelist.php?v=4.7.4&lang=en&collation_connection=utf8mb4_unicode_ci HTTP/1.1" 200 475 "-" "Mozilla/5.0 (Windows NT 6.3) AppleWebKit/537.36 (KHTML, like Gecko) Chrome/62.0.3202.94 Safari/537.36"
::1 - - [13/Dec/2017:10:16:12 -0400] "GET /phpmyadmin/js/get_image.js.php?theme=pmahomme&v=4.7.4&lang=en&collation_connection=utf8mb4_unicode_ci HTTP/1.1" 200 1841 "-" "Mozilla/5.0 (Windows NT 6.3) AppleWebKit/537.36 (KHTML, like Gecko) Chrome/62.0.3202.94 Safari/537.36"
::1 - - [13/Dec/2017:10:16:11 -0400] "GET /phpmyadmin/js/messages.php?v=4.7.4&lang=en&collation_connection=utf8mb4_unicode_ci HTTP/1.1" 200 8648 "-" "Mozilla/5.0 (Windows NT 6.3) AppleWebKit/537.36 (KHTML, like Gecko) Chrome/62.0.3202.94 Safari/537.36"
::1 - - [13/Dec/2017:10:16:12 -0400] "GET /phpmyadmin/themes/dot.gif HTTP/1.1" 200 43 "-" "Mozilla/5.0 (Windows NT 6.3) AppleWebKit/537.36 (KHTML, like Gecko) Chrome/62.0.3202.94 Safari/537.36"
::1 - - [13/Dec/2017:10:16:12 -0400] "GET /phpmyadmin/themes/pmahomme/img/s_collapseall.png HTTP/1.1" 200 170 "-" "Mozilla/5.0 (Windows NT 6.3) AppleWebKit/537.36 (KHTML, like Gecko) Chrome/62.0.3202.94 Safari/537.36"
::1 - - [13/Dec/2017:10:16:12 -0400] "GET /phpmyadmin/themes/pmahomme/img/logo_left.png HTTP/1.1" 200 2827 "-" "Mozilla/5.0 (Windows NT 6.3) AppleWebKit/537.36 (KHTML, like Gecko) Chrome/62.0.3202.94 Safari/537.36"
::1 - - [13/Dec/2017:10:16:12 -0400] "GET /phpmyadmin/themes/pmahomme/img/ajax_clock_small.gif HTTP/1.1" 200 1810 "-" "Mozilla/5.0 (Windows NT 6.3) AppleWebKit/537.36 (KHTML, like Gecko) Chrome/62.0.3202.94 Safari/537.36"
::1 - - [13/Dec/2017:10:16:12 -0400] "GET /phpmyadmin/themes/pmahomme/css/printview.css?v=4.7.4 HTTP/1.1" 200 2746 "-" "Mozilla/5.0 (Windows NT 6.3) AppleWebKit/537.36 (KHTML, like Gecko) Chrome/62.0.3202.94 Safari/537.36"
::1 - - [13/Dec/2017:10:16:12 -0400] "GET /phpmyadmin/themes/pmahomme/img/left_nav_bg.png HTTP/1.1" 200 257 "http://localhost/phpmyadmin/phpmyadmin.css.php?nocache=5967511617ltr&server=1" "Mozilla/5.0 (Windows NT 6.3) AppleWebKit/537.36 (KHTML, like Gecko) Chrome/62.0.3202.94 Safari/537.36"
::1 - - [13/Dec/2017:10:16:12 -0400] "GET /phpmyadmin/themes/pmahomme/img/sprites.png?v=4.7.4 HTTP/1.1" 200 15764 "http://localhost/phpmyadmin/phpmyadmin.css.php?nocache=5967511617ltr&server=1" "Mozilla/5.0 (Windows NT 6.3) AppleWebKit/537.36 (KHTML, like Gecko) Chrome/62.0.3202.94 Safari/537.36"
::1 - - [13/Dec/2017:10:16:13 -0400] "POST /phpmyadmin/navigation.php?ajax_request=1&lang=en&collation_connection=utf8mb4_unicode_ci HTTP/1.1" 200 2036 "-" "Mozilla/5.0 (Windows NT 6.3) AppleWebKit/537.36 (KHTML, like Gecko) Chrome/62.0.3202.94 Safari/537.36"
::1 - - [13/Dec/2017:10:16:13 -0400] "GET /phpmyadmin/favicon.ico HTTP/1.1" 200 22486 "-" "Mozilla/5.0 (Windows NT 6.3) AppleWebKit/537.36 (KHTML, like Gecko) Chrome/62.0.3202.94 Safari/537.36"
::1 - - [13/Dec/2017:10:16:13 -0400] "POST /phpmyadmin/version_check.php HTTP/1.1" 200 64 "-" "Mozilla/5.0 (Windows NT 6.3) AppleWebKit/537.36 (KHTML, like Gecko) Chrome/62.0.3202.94 Safari/537.36"
::1 - - [13/Dec/2017:10:16:13 -0400] "POST /phpmyadmin/db_structure.php?ajax_request=1&favorite_table=1&sync_favorite_tables=1&lang=en&collation_connection=utf8mb4_unicode_ci HTTP/1.1" 200 143 "-" "Mozilla/5.0 (Windows NT 6.3) AppleWebKit/537.36 (KHTML, like Gecko) Chrome/62.0.3202.94 Safari/537.36"
::1 - - [13/Dec/2017:10:16:31 -0400] "GET /phpmyadmin/server_databases.php?db=&lang=en&collation_connection=utf8mb4_unicode_ci&ajax_request=true&ajax_page_request=true&_nocache=1513174591450570444 HTTP/1.1" 200 6081 "-" "Mozilla/5.0 (Windows NT 6.3) AppleWebKit/537.36 (KHTML, like Gecko) Chrome/62.0.3202.94 Safari/537.36"
::1 - - [13/Dec/2017:10:16:31 -0400] "GET /phpmyadmin/js/get_scripts.js.php?scripts%5B%5D=server_databases.js&call_done=1&v=4.7.4&call_done=1&v=4.7.4 HTTP/1.1" 200 2154 "-" "Mozilla/5.0 (Windows NT 6.3) AppleWebKit/537.36 (KHTML, like Gecko) Chrome/62.0.3202.94 Safari/537.36"
::1 - - [13/Dec/2017:10:16:31 -0400] "GET /phpmyadmin/themes/pmahomme/img/arrow_ltr.png HTTP/1.1" 200 139 "-" "Mozilla/5.0 (Windows NT 6.3) AppleWebKit/537.36 (KHTML, like Gecko) Chrome/62.0.3202.94 Safari/537.36"
::1 - - [13/Dec/2017:10:16:40 -0400] "POST /phpmyadmin/server_databases.php HTTP/1.1" 200 1730 "-" "Mozilla/5.0 (Windows NT 6.3) AppleWebKit/537.36 (KHTML, like Gecko) Chrome/62.0.3202.94 Safari/537.36"
::1 - - [13/Dec/2017:10:16:41 -0400] "POST /phpmyadmin/navigation.php?ajax_request=1&lang=en&collation_connection=utf8mb4_unicode_ci HTTP/1.1" 200 2079 "-" "Mozilla/5.0 (Windows NT 6.3) AppleWebKit/537.36 (KHTML, like Gecko) Chrome/62.0.3202.94 Safari/537.36"
::1 - - [13/Dec/2017:10:16:41 -0400] "GET /phpmyadmin/db_structure.php?db=colegio_sja&db=colegio_sja&ajax_request=true&ajax_page_request=true&_nocache=1513174601194529095 HTTP/1.1" 200 2763 "-" "Mozilla/5.0 (Windows NT 6.3) AppleWebKit/537.36 (KHTML, like Gecko) Chrome/62.0.3202.94 Safari/537.36"
::1 - - [13/Dec/2017:10:16:41 -0400] "GET /phpmyadmin/js/get_scripts.js.php?scripts%5B%5D=db_structure.js&scripts%5B%5D=tbl_change.js&call_done=1&v=4.7.4&call_done=1&v=4.7.4 HTTP/1.1" 200 10875 "-" "Mozilla/5.0 (Windows NT 6.3) AppleWebKit/537.36 (KHTML, like Gecko) Chrome/62.0.3202.94 Safari/537.36"
::1 - - [13/Dec/2017:10:16:41 -0400] "GET /phpmyadmin/navigation.php?ajax_request=1&lang=en&collation_connection=utf8mb4_unicode_ci&aPath=cm9vdA%3D%3D.Y29sZWdpb19zamE%3D&vPath=cm9vdA%3D%3D.Y29sZWdpb19zamE%3D&pos=0&pos2_name=&pos2_value=&searchClause=&searchClause2=&_nocache=1513174601548939025 HTTP/1.1" 200 1389 "-" "Mozilla/5.0 (Windows NT 6.3) AppleWebKit/537.36 (KHTML, like Gecko) Chrome/62.0.3202.94 Safari/537.36"
::1 - - [13/Dec/2017:10:16:45 -0400] "GET /phpmyadmin/db_import.php?db=colegio_sja&ajax_request=true&ajax_page_request=true&_nocache=1513174605089914757 HTTP/1.1" 200 6081 "-" "Mozilla/5.0 (Windows NT 6.3) AppleWebKit/537.36 (KHTML, like Gecko) Chrome/62.0.3202.94 Safari/537.36"
::1 - - [13/Dec/2017:10:16:45 -0400] "GET /phpmyadmin/js/get_scripts.js.php?scripts%5B%5D=import.js&call_done=1&v=4.7.4&call_done=1&v=4.7.4 HTTP/1.1" 200 1699 "-" "Mozilla/5.0 (Windows NT 6.3) AppleWebKit/537.36 (KHTML, like Gecko) Chrome/62.0.3202.94 Safari/537.36"
::1 - - [13/Dec/2017:10:17:02 -0400] "POST /phpmyadmin/import.php HTTP/1.1" 200 14913 "-" "Mozilla/5.0 (Windows NT 6.3) AppleWebKit/537.36 (KHTML, like Gecko) Chrome/62.0.3202.94 Safari/537.36"
::1 - - [13/Dec/2017:10:17:18 -0400] "GET /phpmyadmin/phpmyadmin.css.php?nocache=5967511620ltr&server=1 HTTP/1.1" 200 20142 "-" "Mozilla/5.0 (Windows NT 6.3) AppleWebKit/537.36 (KHTML, like Gecko) Chrome/62.0.3202.94 Safari/537.36"
::1 - - [13/Dec/2017:10:17:18 -0400] "GET /phpmyadmin/js/get_image.js.php?theme=pmahomme&v=4.7.4 HTTP/1.1" 200 1841 "-" "Mozilla/5.0 (Windows NT 6.3) AppleWebKit/537.36 (KHTML, like Gecko) Chrome/62.0.3202.94 Safari/537.36"
::1 - - [13/Dec/2017:10:17:18 -0400] "GET /phpmyadmin/js/messages.php?v=4.7.4 HTTP/1.1" 200 8648 "-" "Mozilla/5.0 (Windows NT 6.3) AppleWebKit/537.36 (KHTML, like Gecko) Chrome/62.0.3202.94 Safari/537.36"
::1 - - [13/Dec/2017:10:17:18 -0400] "GET /phpmyadmin/js/whitelist.php?v=4.7.4 HTTP/1.1" 200 475 "-" "Mozilla/5.0 (Windows NT 6.3) AppleWebKit/537.36 (KHTML, like Gecko) Chrome/62.0.3202.94 Safari/537.36"
::1 - - [13/Dec/2017:10:17:19 -0400] "GET /COLEGIO HTTP/1.1" 301 333 "-" "Mozilla/5.0 (Windows NT 6.3) AppleWebKit/537.36 (KHTML, like Gecko) Chrome/62.0.3202.94 Safari/537.36"
::1 - - [13/Dec/2017:10:17:19 -0400] "GET /COLEGIO/ HTTP/1.1" 200 231 "-" "Mozilla/5.0 (Windows NT 6.3) AppleWebKit/537.36 (KHTML, like Gecko) Chrome/62.0.3202.94 Safari/537.36"
::1 - - [13/Dec/2017:10:17:19 -0400] "POST /phpmyadmin/navigation.php?ajax_request=1 HTTP/1.1" 200 2693 "-" "Mozilla/5.0 (Windows NT 6.3) AppleWebKit/537.36 (KHTML, like Gecko) Chrome/62.0.3202.94 Safari/537.36"
::1 - - [13/Dec/2017:10:17:21 -0400] "GET /favicon.ico HTTP/1.1" 200 30894 "http://localhost/COLEGIO/" "Mozilla/5.0 (Windows NT 6.3) AppleWebKit/537.36 (KHTML, like Gecko) Chrome/62.0.3202.94 Safari/537.36"
::1 - - [13/Dec/2017:10:17:22 -0400] "GET /COLEGIO/pagina_principal/Inicio.php HTTP/1.1" 200 2068 "http://localhost/COLEGIO/" "Mozilla/5.0 (Windows NT 6.3) AppleWebKit/537.36 (KHTML, like Gecko) Chrome/62.0.3202.94 Safari/537.36"
::1 - - [13/Dec/2017:10:17:22 -0400] "GET /COLEGIO/pagina_principal/style.css HTTP/1.1" 200 1098 "http://localhost/COLEGIO/pagina_principal/Inicio.php" "Mozilla/5.0 (Windows NT 6.3) AppleWebKit/537.36 (KHTML, like Gecko) Chrome/62.0.3202.94 Safari/537.36"
::1 - - [13/Dec/2017:10:17:22 -0400] "GET /COLEGIO/pagina_principal/estilo.css HTTP/1.1" 200 4637 "http://localhost/COLEGIO/pagina_principal/Inicio.php" "Mozilla/5.0 (Windows NT 6.3) AppleWebKit/537.36 (KHTML, like Gecko) Chrome/62.0.3202.94 Safari/537.36"
::1 - - [13/Dec/2017:10:17:23 -0400] "GET /COLEGIO/img/LOGO.jpg HTTP/1.1" 200 8947 "http://localhost/COLEGIO/pagina_principal/Inicio.php" "Mozilla/5.0 (Windows NT 6.3) AppleWebKit/537.36 (KHTML, like Gecko) Chrome/62.0.3202.94 Safari/537.36"
::1 - - [13/Dec/2017:10:17:22 -0400] "GET /COLEGIO/img/header2.jpg HTTP/1.1" 200 151912 "http://localhost/COLEGIO/pagina_principal/Inicio.php" "Mozilla/5.0 (Windows NT 6.3) AppleWebKit/537.36 (KHTML, like Gecko) Chrome/62.0.3202.94 Safari/537.36"
::1 - - [13/Dec/2017:10:17:23 -0400] "GET /COLEGIO/pagina_principal/fonts/icomoon.ttf?o50ado HTTP/1.1" 200 2100 "http://localhost/COLEGIO/pagina_principal/style.css" "Mozilla/5.0 (Windows NT 6.3) AppleWebKit/537.36 (KHTML, like Gecko) Chrome/62.0.3202.94 Safari/537.36"
::1 - - [13/Dec/2017:10:17:23 -0400] "GET /COLEGIO/img/fondo.jpg HTTP/1.1" 200 437619 "http://localhost/COLEGIO/pagina_principal/estilo.css" "Mozilla/5.0 (Windows NT 6.3) AppleWebKit/537.36 (KHTML, like Gecko) Chrome/62.0.3202.94 Safari/537.36"
::1 - - [13/Dec/2017:10:17:23 -0400] "GET /phpmyadmin/sql.php?server=1&db=colegio_sja&table=alumno&pos=0&ajax_request=true&ajax_page_request=true&_nocache=1513174643572521313 HTTP/1.1" 200 10404 "-" "Mozilla/5.0 (Windows NT 6.3) AppleWebKit/537.36 (KHTML, like Gecko) Chrome/62.0.3202.94 Safari/537.36"
::1 - - [13/Dec/2017:10:17:26 -0400] "GET /phpmyadmin/themes/pmahomme/img/s_fulltext.png HTTP/1.1" 200 193 "-" "Mozilla/5.0 (Windows NT 6.3) AppleWebKit/537.36 (KHTML, like Gecko) Chrome/62.0.3202.94 Safari/537.36"
::1 - - [13/Dec/2017:10:17:26 -0400] "GET /phpmyadmin/js/get_scripts.js.php?scripts%5B%5D=jquery/jquery.uitablefilter.js&scripts%5B%5D=tbl_change.js&scripts%5B%5D=gis_data_editor.js&scripts%5B%5D=multi_column_sort.js&scripts%5B%5D=makegrid.js&scripts%5B%5D=sql.js&call_done=1&v=4.7.4&call_done=1&v=4.7.4 HTTP/1.1" 200 38768 "-" "Mozilla/5.0 (Windows NT 6.3) AppleWebKit/537.36 (KHTML, like Gecko) Chrome/62.0.3202.94 Safari/537.36"
::1 - - [13/Dec/2017:10:17:26 -0400] "GET /phpmyadmin/index.php?ajax_request=1&recent_table=1&no_debug=true&_nocache=1513174646843703601 HTTP/1.1" 200 1416 "-" "Mozilla/5.0 (Windows NT 6.3) AppleWebKit/537.36 (KHTML, like Gecko) Chrome/62.0.3202.94 Safari/537.36"
::1 - - [13/Dec/2017:10:17:27 -0400] "GET /phpmyadmin/themes/pmahomme/img/col_pointer.png HTTP/1.1" 200 113 "http://localhost/phpmyadmin/phpmyadmin.css.php?nocache=5967511620ltr&server=1" "Mozilla/5.0 (Windows NT 6.3) AppleWebKit/537.36 (KHTML, like Gecko) Chrome/62.0.3202.94 Safari/537.36"
::1 - - [13/Dec/2017:10:17:27 -0400] "GET /phpmyadmin/themes/pmahomme/img/col_drop.png HTTP/1.1" 200 132 "http://localhost/phpmyadmin/phpmyadmin.css.php?nocache=5967511620ltr&server=1" "Mozilla/5.0 (Windows NT 6.3) AppleWebKit/537.36 (KHTML, like Gecko) Chrome/62.0.3202.94 Safari/537.36"
::1 - - [13/Dec/2017:10:17:27 -0400] "GET /COLEGIO/img/logo.ico HTTP/1.1" 200 318 "http://localhost/COLEGIO/pagina_principal/Inicio.php" "Mozilla/5.0 (Windows NT 6.3) AppleWebKit/537.36 (KHTML, like Gecko) Chrome/62.0.3202.94 Safari/537.36"
::1 - - [13/Dec/2017:10:17:35 -0400] "GET /COLEGIO/pagina_principal/Contactos.php HTTP/1.1" 200 2338 "http://localhost/COLEGIO/pagina_principal/Inicio.php" "Mozilla/5.0 (Windows NT 6.3) AppleWebKit/537.36 (KHTML, like Gecko) Chrome/62.0.3202.94 Safari/537.36"
::1 - - [13/Dec/2017:10:17:35 -0400] "GET /COLEGIO/img/Imagen1.png HTTP/1.1" 200 109270 "http://localhost/COLEGIO/pagina_principal/Contactos.php" "Mozilla/5.0 (Windows NT 6.3) AppleWebKit/537.36 (KHTML, like Gecko) Chrome/62.0.3202.94 Safari/537.36"
::1 - - [13/Dec/2017:10:17:37 -0400] "GET /COLEGIO/pagina_principal/Historia.php HTTP/1.1" 200 2969 "http://localhost/COLEGIO/pagina_principal/Contactos.php" "Mozilla/5.0 (Windows NT 6.3) AppleWebKit/537.36 (KHTML, like Gecko) Chrome/62.0.3202.94 Safari/537.36"
::1 - - [13/Dec/2017:10:17:37 -0400] "GET /COLEGIO/img/06.jpg HTTP/1.1" 200 13716 "http://localhost/COLEGIO/pagina_principal/Historia.php" "Mozilla/5.0 (Windows NT 6.3) AppleWebKit/537.36 (KHTML, like Gecko) Chrome/62.0.3202.94 Safari/537.36"
::1 - - [13/Dec/2017:10:17:38 -0400] "GET /COLEGIO/pagina_principal/Galeria.php HTTP/1.1" 200 4215 "http://localhost/COLEGIO/pagina_principal/Historia.php" "Mozilla/5.0 (Windows NT 6.3) AppleWebKit/537.36 (KHTML, like Gecko) Chrome/62.0.3202.94 Safari/537.36"
::1 - - [13/Dec/2017:10:17:39 -0400] "GET /COLEGIO/img/01.jpg HTTP/1.1" 200 48801 "http://localhost/COLEGIO/pagina_principal/Galeria.php" "Mozilla/5.0 (Windows NT 6.3) AppleWebKit/537.36 (KHTML, like Gecko) Chrome/62.0.3202.94 Safari/537.36"
::1 - - [13/Dec/2017:10:17:39 -0400] "GET /COLEGIO/img/07.jpg HTTP/1.1" 200 12184 "http://localhost/COLEGIO/pagina_principal/Galeria.php" "Mozilla/5.0 (Windows NT 6.3) AppleWebKit/537.36 (KHTML, like Gecko) Chrome/62.0.3202.94 Safari/537.36"
::1 - - [13/Dec/2017:10:17:39 -0400] "GET /COLEGIO/img/02.jpg HTTP/1.1" 200 73063 "http://localhost/COLEGIO/pagina_principal/Galeria.php" "Mozilla/5.0 (Windows NT 6.3) AppleWebKit/537.36 (KHTML, like Gecko) Chrome/62.0.3202.94 Safari/537.36"
::1 - - [13/Dec/2017:10:17:39 -0400] "GET /COLEGIO/img/08.jpg HTTP/1.1" 200 62387 "http://localhost/COLEGIO/pagina_principal/Galeria.php" "Mozilla/5.0 (Windows NT 6.3) AppleWebKit/537.36 (KHTML, like Gecko) Chrome/62.0.3202.94 Safari/537.36"
::1 - - [13/Dec/2017:10:17:39 -0400] "GET /COLEGIO/img/03.jpg HTTP/1.1" 200 87688 "http://localhost/COLEGIO/pagina_principal/Galeria.php" "Mozilla/5.0 (Windows NT 6.3) AppleWebKit/537.36 (KHTML, like Gecko) Chrome/62.0.3202.94 Safari/537.36"
::1 - - [13/Dec/2017:10:17:39 -0400] "GET /COLEGIO/img/05.jpg HTTP/1.1" 200 231053 "http://localhost/COLEGIO/pagina_principal/Galeria.php" "Mozilla/5.0 (Windows NT 6.3) AppleWebKit/537.36 (KHTML, like Gecko) Chrome/62.0.3202.94 Safari/537.36"
::1 - - [13/Dec/2017:10:17:39 -0400] "GET /COLEGIO/img/05.JPG HTTP/1.1" 200 231053 "http://localhost/COLEGIO/pagina_principal/Galeria.php" "Mozilla/5.0 (Windows NT 6.3) AppleWebKit/537.36 (KHTML, like Gecko) Chrome/62.0.3202.94 Safari/537.36"
::1 - - [13/Dec/2017:10:17:39 -0400] "GET /COLEGIO/img/04.jpg HTTP/1.1" 200 149013 "http://localhost/COLEGIO/pagina_principal/Galeria.php" "Mozilla/5.0 (Windows NT 6.3) AppleWebKit/537.36 (KHTML, like Gecko) Chrome/62.0.3202.94 Safari/537.36"
::1 - - [13/Dec/2017:10:17:43 -0400] "GET /COLEGIO/pagina_principal/Galeria.php HTTP/1.1" 200 4215 "http://localhost/COLEGIO/pagina_principal/Galeria.php" "Mozilla/5.0 (Windows NT 6.3) AppleWebKit/537.36 (KHTML, like Gecko) Chrome/62.0.3202.94 Safari/537.36"
::1 - - [13/Dec/2017:10:17:44 -0400] "GET /COLEGIO/pagina_principal/login.php HTTP/1.1" 200 2257 "http://localhost/COLEGIO/pagina_principal/Galeria.php" "Mozilla/5.0 (Windows NT 6.3) AppleWebKit/537.36 (KHTML, like Gecko) Chrome/62.0.3202.94 Safari/537.36"
::1 - - [13/Dec/2017:10:19:03 -0400] "POST /COLEGIO/pagina_principal/validar-login.php HTTP/1.1" 302 1804 "http://localhost/COLEGIO/pagina_principal/login.php" "Mozilla/5.0 (Windows NT 6.3) AppleWebKit/537.36 (KHTML, like Gecko) Chrome/62.0.3202.94 Safari/537.36"
::1 - - [13/Dec/2017:10:19:04 -0400] "GET /COLEGIO/Modulos/admin HTTP/1.1" 301 347 "http://localhost/COLEGIO/pagina_principal/login.php" "Mozilla/5.0 (Windows NT 6.3) AppleWebKit/537.36 (KHTML, like Gecko) Chrome/62.0.3202.94 Safari/537.36"
::1 - - [13/Dec/2017:10:19:04 -0400] "GET /COLEGIO/Modulos/admin/ HTTP/1.1" 200 3671 "http://localhost/COLEGIO/pagina_principal/login.php" "Mozilla/5.0 (Windows NT 6.3) AppleWebKit/537.36 (KHTML, like Gecko) Chrome/62.0.3202.94 Safari/537.36"
::1 - - [13/Dec/2017:10:19:04 -0400] "GET /COLEGIO/Modulos/css/estilo.css HTTP/1.1" 200 3786 "http://localhost/COLEGIO/Modulos/admin/" "Mozilla/5.0 (Windows NT 6.3) AppleWebKit/537.36 (KHTML, like Gecko) Chrome/62.0.3202.94 Safari/537.36"
::1 - - [13/Dec/2017:10:19:04 -0400] "GET /COLEGIO/Modulos/style.css HTTP/1.1" 200 1232 "http://localhost/COLEGIO/Modulos/admin/" "Mozilla/5.0 (Windows NT 6.3) AppleWebKit/537.36 (KHTML, like Gecko) Chrome/62.0.3202.94 Safari/537.36"
::1 - - [13/Dec/2017:10:19:04 -0400] "GET /COLEGIO/Modulos/js/main.js HTTP/1.1" 200 496 "http://localhost/COLEGIO/Modulos/admin/" "Mozilla/5.0 (Windows NT 6.3) AppleWebKit/537.36 (KHTML, like Gecko) Chrome/62.0.3202.94 Safari/537.36"
::1 - - [13/Dec/2017:10:19:04 -0400] "GET /COLEGIO/img/inicio.jpg HTTP/1.1" 200 29528 "http://localhost/COLEGIO/Modulos/admin/" "Mozilla/5.0 (Windows NT 6.3) AppleWebKit/537.36 (KHTML, like Gecko) Chrome/62.0.3202.94 Safari/537.36"
::1 - - [13/Dec/2017:10:19:04 -0400] "GET /COLEGIO/Modulos/js/jquery-3.2.1.min.js HTTP/1.1" 200 86659 "http://localhost/COLEGIO/Modulos/admin/" "Mozilla/5.0 (Windows NT 6.3) AppleWebKit/537.36 (KHTML, like Gecko) Chrome/62.0.3202.94 Safari/537.36"
::1 - - [13/Dec/2017:10:19:04 -0400] "GET /COLEGIO/Modulos/fonts/icomoon.ttf?hi2wo6 HTTP/1.1" 200 2664 "http://localhost/COLEGIO/Modulos/style.css" "Mozilla/5.0 (Windows NT 6.3) AppleWebKit/537.36 (KHTML, like Gecko) Chrome/62.0.3202.94 Safari/537.36"
::1 - - [13/Dec/2017:10:19:11 -0400] "GET /COLEGIO/Modulos/admin/Inscripcion.php HTTP/1.1" 200 3919 "http://localhost/COLEGIO/Modulos/admin/" "Mozilla/5.0 (Windows NT 6.3) AppleWebKit/537.36 (KHTML, like Gecko) Chrome/62.0.3202.94 Safari/537.36"
::1 - - [13/Dec/2017:10:19:13 -0400] "GET /COLEGIO/Modulos/admin/InscribirRegular.php HTTP/1.1" 200 3877 "http://localhost/COLEGIO/Modulos/admin/Inscripcion.php" "Mozilla/5.0 (Windows NT 6.3) AppleWebKit/537.36 (KHTML, like Gecko) Chrome/62.0.3202.94 Safari/537.36"
::1 - - [13/Dec/2017:10:19:46 -0400] "POST /COLEGIO/Modulos/admin/AlumnoRegular.php HTTP/1.1" 200 4701 "http://localhost/COLEGIO/Modulos/admin/InscribirRegular.php" "Mozilla/5.0 (Windows NT 6.3) AppleWebKit/537.36 (KHTML, like Gecko) Chrome/62.0.3202.94 Safari/537.36"
::1 - - [13/Dec/2017:10:20:09 -0400] "POST /COLEGIO/Modulos/admin/actualizar_alum.php HTTP/1.1" 200 3642 "http://localhost/COLEGIO/Modulos/admin/AlumnoRegular.php" "Mozilla/5.0 (Windows NT 6.3) AppleWebKit/537.36 (KHTML, like Gecko) Chrome/62.0.3202.94 Safari/537.36"
::1 - - [13/Dec/2017:10:20:14 -0400] "GET /COLEGIO/Modulos/admin/Inscripcion.php HTTP/1.1" 200 3919 "http://localhost/COLEGIO/Modulos/admin/actualizar_alum.php" "Mozilla/5.0 (Windows NT 6.3) AppleWebKit/537.36 (KHTML, like Gecko) Chrome/62.0.3202.94 Safari/537.36"
::1 - - [13/Dec/2017:10:20:16 -0400] "GET /COLEGIO/Modulos/admin/InscribirAlumno.php HTTP/1.1" 200 7111 "http://localhost/COLEGIO/Modulos/admin/Inscripcion.php" "Mozilla/5.0 (Windows NT 6.3) AppleWebKit/537.36 (KHTML, like Gecko) Chrome/62.0.3202.94 Safari/537.36"
::1 - - [13/Dec/2017:10:25:59 -0400] "GET /COLEGIO/Modulos/admin/Inscripcion.php HTTP/1.1" 200 3919 "http://localhost/COLEGIO/Modulos/admin/InscribirAlumno.php" "Mozilla/5.0 (Windows NT 6.3) AppleWebKit/537.36 (KHTML, like Gecko) Chrome/62.0.3202.94 Safari/537.36"
::1 - - [13/Dec/2017:10:26:04 -0400] "GET /COLEGIO/Modulos/admin/InscribirRegular.php HTTP/1.1" 200 3877 "http://localhost/COLEGIO/Modulos/admin/Inscripcion.php" "Mozilla/5.0 (Windows NT 6.3) AppleWebKit/537.36 (KHTML, like Gecko) Chrome/62.0.3202.94 Safari/537.36"
::1 - - [13/Dec/2017:10:26:08 -0400] "POST /COLEGIO/Modulos/admin/AlumnoRegular.php HTTP/1.1" 200 4701 "http://localhost/COLEGIO/Modulos/admin/InscribirRegular.php" "Mozilla/5.0 (Windows NT 6.3) AppleWebKit/537.36 (KHTML, like Gecko) Chrome/62.0.3202.94 Safari/537.36"
::1 - - [13/Dec/2017:10:26:15 -0400] "GET /COLEGIO/Modulos/admin/Inscripcion.php HTTP/1.1" 200 3919 "http://localhost/COLEGIO/Modulos/admin/AlumnoRegular.php" "Mozilla/5.0 (Windows NT 6.3) AppleWebKit/537.36 (KHTML, like Gecko) Chrome/62.0.3202.94 Safari/537.36"
::1 - - [13/Dec/2017:10:26:15 -0400] "GET /COLEGIO/Modulos/admin/InscribirAlumno.php HTTP/1.1" 200 7111 "http://localhost/COLEGIO/Modulos/admin/Inscripcion.php" "Mozilla/5.0 (Windows NT 6.3) AppleWebKit/537.36 (KHTML, like Gecko) Chrome/62.0.3202.94 Safari/537.36"
::1 - - [13/Dec/2017:10:27:08 -0400] "GET /COLEGIO/Modulos/admin/InscribirMaterias.php HTTP/1.1" 200 17468 "http://localhost/COLEGIO/Modulos/admin/InscribirAlumno.php" "Mozilla/5.0 (Windows NT 6.3) AppleWebKit/537.36 (KHTML, like Gecko) Chrome/62.0.3202.94 Safari/537.36"
::1 - - [13/Dec/2017:10:28:01 -0400] "GET /COLEGIO/Modulos/admin/RegistrarDocente.php HTTP/1.1" 200 7345 "http://localhost/COLEGIO/Modulos/admin/InscribirMaterias.php" "Mozilla/5.0 (Windows NT 6.3) AppleWebKit/537.36 (KHTML, like Gecko) Chrome/62.0.3202.94 Safari/537.36"
::1 - - [13/Dec/2017:10:28:54 -0400] "GET /COLEGIO/Modulos/admin/Inscripcion.php HTTP/1.1" 200 3919 "http://localhost/COLEGIO/Modulos/admin/RegistrarDocente.php" "Mozilla/5.0 (Windows NT 6.3) AppleWebKit/537.36 (KHTML, like Gecko) Chrome/62.0.3202.94 Safari/537.36"
::1 - - [13/Dec/2017:10:28:58 -0400] "GET /COLEGIO/Modulos/admin/InscribirAlumno.php HTTP/1.1" 200 7111 "http://localhost/COLEGIO/Modulos/admin/Inscripcion.php" "Mozilla/5.0 (Windows NT 6.3) AppleWebKit/537.36 (KHTML, like Gecko) Chrome/62.0.3202.94 Safari/537.36"
::1 - - [13/Dec/2017:10:29:20 -0400] "GET /COLEGIO/Modulos/admin/InscribirMaterias.php HTTP/1.1" 200 17468 "http://localhost/COLEGIO/Modulos/admin/InscribirAlumno.php" "Mozilla/5.0 (Windows NT 6.3) AppleWebKit/537.36 (KHTML, like Gecko) Chrome/62.0.3202.94 Safari/537.36"
::1 - - [13/Dec/2017:10:29:44 -0400] "GET /COLEGIO/Modulos/admin/VerMaterias.php HTTP/1.1" 200 5366 "http://localhost/COLEGIO/Modulos/admin/InscribirMaterias.php" "Mozilla/5.0 (Windows NT 6.3) AppleWebKit/537.36 (KHTML, like Gecko) Chrome/62.0.3202.94 Safari/537.36"
::1 - - [13/Dec/2017:10:30:05 -0400] "GET /COLEGIO/Modulos/admin/InscribirMaterias.php HTTP/1.1" 200 17468 "http://localhost/COLEGIO/Modulos/admin/VerMaterias.php" "Mozilla/5.0 (Windows NT 6.3) AppleWebKit/537.36 (KHTML, like Gecko) Chrome/62.0.3202.94 Safari/537.36"
::1 - - [13/Dec/2017:10:30:11 -0400] "GET /COLEGIO/Modulos/admin/PassAlum.php HTTP/1.1" 200 3847 "http://localhost/COLEGIO/Modulos/admin/InscribirMaterias.php" "Mozilla/5.0 (Windows NT 6.3) AppleWebKit/537.36 (KHTML, like Gecko) Chrome/62.0.3202.94 Safari/537.36"
::1 - - [13/Dec/2017:10:30:29 -0400] "POST /COLEGIO/Modulos/admin/GenerarPass.php HTTP/1.1" 200 5141 "http://localhost/COLEGIO/Modulos/admin/PassAlum.php" "Mozilla/5.0 (Windows NT 6.3) AppleWebKit/537.36 (KHTML, like Gecko) Chrome/62.0.3202.94 Safari/537.36"
::1 - - [13/Dec/2017:10:30:59 -0400] "GET /COLEGIO/Modulos/admin/ActualizarDatos.php HTTP/1.1" 200 4040 "http://localhost/COLEGIO/Modulos/admin/GenerarPass.php" "Mozilla/5.0 (Windows NT 6.3) AppleWebKit/537.36 (KHTML, like Gecko) Chrome/62.0.3202.94 Safari/537.36"
::1 - - [13/Dec/2017:10:31:02 -0400] "GET /COLEGIO/Modulos/admin/VerAlumnos.php HTTP/1.1" 200 4246 "http://localhost/COLEGIO/Modulos/admin/ActualizarDatos.php" "Mozilla/5.0 (Windows NT 6.3) AppleWebKit/537.36 (KHTML, like Gecko) Chrome/62.0.3202.94 Safari/537.36"
::1 - - [13/Dec/2017:10:31:04 -0400] "GET /COLEGIO/Modulos/admin/AlumnosSegundo.php HTTP/1.1" 200 5766 "http://localhost/COLEGIO/Modulos/admin/VerAlumnos.php" "Mozilla/5.0 (Windows NT 6.3) AppleWebKit/537.36 (KHTML, like Gecko) Chrome/62.0.3202.94 Safari/537.36"
::1 - - [13/Dec/2017:10:31:07 -0400] "GET /COLEGIO/PDF/ListaSegundo.php HTTP/1.1" 200 18966 "http://localhost/COLEGIO/Modulos/admin/AlumnosSegundo.php" "Mozilla/5.0 (Windows NT 6.3) AppleWebKit/537.36 (KHTML, like Gecko) Chrome/62.0.3202.94 Safari/537.36"
::1 - - [13/Dec/2017:10:31:28 -0400] "GET /COLEGIO/Modulos/admin/ConsultaAlumno.php HTTP/1.1" 200 4024 "http://localhost/COLEGIO/Modulos/admin/AlumnosSegundo.php" "Mozilla/5.0 (Windows NT 6.3) AppleWebKit/537.36 (KHTML, like Gecko) Chrome/62.0.3202.94 Safari/537.36"
::1 - - [13/Dec/2017:10:31:31 -0400] "POST /COLEGIO/Modulos/admin/mostrar_alumno.php HTTP/1.1" 200 4040 "http://localhost/COLEGIO/Modulos/admin/ConsultaAlumno.php" "Mozilla/5.0 (Windows NT 6.3) AppleWebKit/537.36 (KHTML, like Gecko) Chrome/62.0.3202.94 Safari/537.36"
::1 - - [13/Dec/2017:10:31:35 -0400] "GET /COLEGIO/Modulos/admin/BloquearAlumno.php HTTP/1.1" 200 4028 "http://localhost/COLEGIO/Modulos/admin/mostrar_alumno.php" "Mozilla/5.0 (Windows NT 6.3) AppleWebKit/537.36 (KHTML, like Gecko) Chrome/62.0.3202.94 Safari/537.36"
::1 - - [13/Dec/2017:10:31:43 -0400] "POST /COLEGIO/Modulos/admin/confirmarbloqueo.php HTTP/1.1" 200 4246 "http://localhost/COLEGIO/Modulos/admin/BloquearAlumno.php" "Mozilla/5.0 (Windows NT 6.3) AppleWebKit/537.36 (KHTML, like Gecko) Chrome/62.0.3202.94 Safari/537.36"
::1 - - [13/Dec/2017:10:31:46 -0400] "GET /COLEGIO/Modulos/admin/ConsultaAlumno.php HTTP/1.1" 200 4024 "http://localhost/COLEGIO/Modulos/admin/confirmarbloqueo.php" "Mozilla/5.0 (Windows NT 6.3) AppleWebKit/537.36 (KHTML, like Gecko) Chrome/62.0.3202.94 Safari/537.36"
::1 - - [13/Dec/2017:10:31:49 -0400] "POST /COLEGIO/Modulos/admin/mostrar_alumno.php HTTP/1.1" 200 4040 "http://localhost/COLEGIO/Modulos/admin/ConsultaAlumno.php" "Mozilla/5.0 (Windows NT 6.3) AppleWebKit/537.36 (KHTML, like Gecko) Chrome/62.0.3202.94 Safari/537.36"
::1 - - [13/Dec/2017:10:31:51 -0400] "GET /COLEGIO/Modulos/admin/BloquearAlumno.php HTTP/1.1" 200 4028 "http://localhost/COLEGIO/Modulos/admin/mostrar_alumno.php" "Mozilla/5.0 (Windows NT 6.3) AppleWebKit/537.36 (KHTML, like Gecko) Chrome/62.0.3202.94 Safari/537.36"
::1 - - [13/Dec/2017:10:31:54 -0400] "POST /COLEGIO/Modulos/admin/confirmarbloqueo.php HTTP/1.1" 200 4246 "http://localhost/COLEGIO/Modulos/admin/BloquearAlumno.php" "Mozilla/5.0 (Windows NT 6.3) AppleWebKit/537.36 (KHTML, like Gecko) Chrome/62.0.3202.94 Safari/537.36"
::1 - - [13/Dec/2017:10:32:48 -0400] "POST /COLEGIO/Modulos/admin/BloquearAlumno.php HTTP/1.1" 200 4028 "http://localhost/COLEGIO/Modulos/admin/confirmarbloqueo.php" "Mozilla/5.0 (Windows NT 6.3) AppleWebKit/537.36 (KHTML, like Gecko) Chrome/62.0.3202.94 Safari/537.36"
::1 - - [13/Dec/2017:10:32:51 -0400] "GET /COLEGIO/Modulos/admin/RestaurarAlumno.php HTTP/1.1" 200 4180 "http://localhost/COLEGIO/Modulos/admin/BloquearAlumno.php" "Mozilla/5.0 (Windows NT 6.3) AppleWebKit/537.36 (KHTML, like Gecko) Chrome/62.0.3202.94 Safari/537.36"
::1 - - [13/Dec/2017:10:33:16 -0400] "GET /COLEGIO/pagina_principal/cerrar_session.php HTTP/1.1" 302 - "http://localhost/COLEGIO/Modulos/admin/RestaurarAlumno.php" "Mozilla/5.0 (Windows NT 6.3) AppleWebKit/537.36 (KHTML, like Gecko) Chrome/62.0.3202.94 Safari/537.36"
::1 - - [13/Dec/2017:10:33:16 -0400] "GET /COLEGIO/pagina_principal/Inicio.php HTTP/1.1" 200 2068 "http://localhost/COLEGIO/Modulos/admin/RestaurarAlumno.php" "Mozilla/5.0 (Windows NT 6.3) AppleWebKit/537.36 (KHTML, like Gecko) Chrome/62.0.3202.94 Safari/537.36"
::1 - - [13/Dec/2017:10:33:22 -0400] "GET /COLEGIO/pagina_principal/login.php HTTP/1.1" 200 2257 "http://localhost/COLEGIO/pagina_principal/Inicio.php" "Mozilla/5.0 (Windows NT 6.3) AppleWebKit/537.36 (KHTML, like Gecko) Chrome/62.0.3202.94 Safari/537.36"
::1 - - [13/Dec/2017:10:33:47 -0400] "GET /COLEGIO/ HTTP/1.1" 200 231 "-" "Mozilla/5.0 (Windows NT 6.3) AppleWebKit/537.36 (KHTML, like Gecko) Chrome/62.0.3202.94 Safari/537.36"
::1 - - [13/Dec/2017:10:33:48 -0400] "GET /COLEGIO/pagina_principal/Inicio.php HTTP/1.1" 200 2068 "http://localhost/COLEGIO/" "Mozilla/5.0 (Windows NT 6.3) AppleWebKit/537.36 (KHTML, like Gecko) Chrome/62.0.3202.94 Safari/537.36"
::1 - - [13/Dec/2017:10:33:53 -0400] "GET /COLEGIO/pagina_principal/login.php HTTP/1.1" 200 2257 "http://localhost/COLEGIO/pagina_principal/Inicio.php" "Mozilla/5.0 (Windows NT 6.3) AppleWebKit/537.36 (KHTML, like Gecko) Chrome/62.0.3202.94 Safari/537.36"
::1 - - [13/Dec/2017:10:33:55 -0400] "GET /COLEGIO/pagina_principal/Galeria.php HTTP/1.1" 200 4215 "http://localhost/COLEGIO/pagina_principal/login.php" "Mozilla/5.0 (Windows NT 6.3) AppleWebKit/537.36 (KHTML, like Gecko) Chrome/62.0.3202.94 Safari/537.36"
::1 - - [13/Dec/2017:10:33:56 -0400] "GET /COLEGIO/pagina_principal/Historia.php HTTP/1.1" 200 2969 "http://localhost/COLEGIO/pagina_principal/Galeria.php" "Mozilla/5.0 (Windows NT 6.3) AppleWebKit/537.36 (KHTML, like Gecko) Chrome/62.0.3202.94 Safari/537.36"
::1 - - [13/Dec/2017:10:33:59 -0400] "GET /COLEGIO/pagina_principal/Contactos.php HTTP/1.1" 200 2338 "http://localhost/COLEGIO/pagina_principal/Historia.php" "Mozilla/5.0 (Windows NT 6.3) AppleWebKit/537.36 (KHTML, like Gecko) Chrome/62.0.3202.94 Safari/537.36"
::1 - - [13/Dec/2017:10:34:00 -0400] "GET /COLEGIO/pagina_principal/Inicio.php HTTP/1.1" 200 2068 "http://localhost/COLEGIO/pagina_principal/Contactos.php" "Mozilla/5.0 (Windows NT 6.3) AppleWebKit/537.36 (KHTML, like Gecko) Chrome/62.0.3202.94 Safari/537.36"
::1 - - [13/Dec/2017:10:34:37 -0400] "GET /COLEGIO/pagina_principal/login.php HTTP/1.1" 200 2257 "http://localhost/COLEGIO/pagina_principal/Inicio.php" "Mozilla/5.0 (Windows NT 6.3) AppleWebKit/537.36 (KHTML, like Gecko) Chrome/62.0.3202.94 Safari/537.36"
::1 - - [13/Dec/2017:10:36:41 -0400] "GET /COLEGIO/pagina_principal/login.php HTTP/1.1" 200 2257 "http://localhost/COLEGIO/pagina_principal/login.php" "Mozilla/5.0 (Windows NT 6.3) AppleWebKit/537.36 (KHTML, like Gecko) Chrome/62.0.3202.94 Safari/537.36"
::1 - - [13/Dec/2017:10:37:52 -0400] "POST /COLEGIO/pagina_principal/validar-login.php HTTP/1.1" 302 1804 "http://localhost/COLEGIO/pagina_principal/login.php" "Mozilla/5.0 (Windows NT 6.3) AppleWebKit/537.36 (KHTML, like Gecko) Chrome/62.0.3202.94 Safari/537.36"
::1 - - [13/Dec/2017:10:37:52 -0400] "GET /COLEGIO/Modulos/admin HTTP/1.1" 301 347 "http://localhost/COLEGIO/pagina_principal/login.php" "Mozilla/5.0 (Windows NT 6.3) AppleWebKit/537.36 (KHTML, like Gecko) Chrome/62.0.3202.94 Safari/537.36"
::1 - - [13/Dec/2017:10:37:52 -0400] "GET /COLEGIO/Modulos/admin/ HTTP/1.1" 200 3671 "http://localhost/COLEGIO/pagina_principal/login.php" "Mozilla/5.0 (Windows NT 6.3) AppleWebKit/537.36 (KHTML, like Gecko) Chrome/62.0.3202.94 Safari/537.36"
::1 - - [13/Dec/2017:10:41:50 -0400] "GET /COLEGIO/pagina_principal/cerrar_session.php HTTP/1.1" 302 - "http://localhost/COLEGIO/Modulos/admin/" "Mozilla/5.0 (Windows NT 6.3) AppleWebKit/537.36 (KHTML, like Gecko) Chrome/62.0.3202.94 Safari/537.36"
::1 - - [13/Dec/2017:10:41:50 -0400] "GET /COLEGIO/pagina_principal/Inicio.php HTTP/1.1" 200 2068 "http://localhost/COLEGIO/Modulos/admin/" "Mozilla/5.0 (Windows NT 6.3) AppleWebKit/537.36 (KHTML, like Gecko) Chrome/62.0.3202.94 Safari/537.36"
::1 - - [13/Dec/2017:10:41:54 -0400] "GET /COLEGIO/pagina_principal/login.php HTTP/1.1" 200 2257 "http://localhost/COLEGIO/pagina_principal/Inicio.php" "Mozilla/5.0 (Windows NT 6.3) AppleWebKit/537.36 (KHTML, like Gecko) Chrome/62.0.3202.94 Safari/537.36"
::1 - - [13/Dec/2017:10:44:54 -0400] "POST /COLEGIO/pagina_principal/validar-login.php HTTP/1.1" 302 1804 "http://localhost/COLEGIO/pagina_principal/login.php" "Mozilla/5.0 (Windows NT 6.3) AppleWebKit/537.36 (KHTML, like Gecko) Chrome/62.0.3202.94 Safari/537.36"
::1 - - [13/Dec/2017:10:44:54 -0400] "GET /COLEGIO/Modulos/docente HTTP/1.1" 301 349 "http://localhost/COLEGIO/pagina_principal/login.php" "Mozilla/5.0 (Windows NT 6.3) AppleWebKit/537.36 (KHTML, like Gecko) Chrome/62.0.3202.94 Safari/537.36"
::1 - - [13/Dec/2017:10:44:54 -0400] "GET /COLEGIO/Modulos/docente/ HTTP/1.1" 200 2475 "http://localhost/COLEGIO/pagina_principal/login.php" "Mozilla/5.0 (Windows NT 6.3) AppleWebKit/537.36 (KHTML, like Gecko) Chrome/62.0.3202.94 Safari/537.36"
::1 - - [13/Dec/2017:10:44:58 -0400] "GET /COLEGIO/Modulos/docente/RegistrarNotas.php HTTP/1.1" 200 3050 "http://localhost/COLEGIO/Modulos/docente/" "Mozilla/5.0 (Windows NT 6.3) AppleWebKit/537.36 (KHTML, like Gecko) Chrome/62.0.3202.94 Safari/537.36"
::1 - - [13/Dec/2017:10:45:01 -0400] "GET /COLEGIO/Modulos/docente/Notas_Alumnos_Primero.php HTTP/1.1" 200 7499 "http://localhost/COLEGIO/Modulos/docente/RegistrarNotas.php" "Mozilla/5.0 (Windows NT 6.3) AppleWebKit/537.36 (KHTML, like Gecko) Chrome/62.0.3202.94 Safari/537.36"
::1 - - [13/Dec/2017:10:49:08 -0400] "POST /COLEGIO/Modulos/docente/guardar_notas.php HTTP/1.1" 200 2429 "http://localhost/COLEGIO/Modulos/docente/Notas_Alumnos_Primero.php" "Mozilla/5.0 (Windows NT 6.3) AppleWebKit/537.36 (KHTML, like Gecko) Chrome/62.0.3202.94 Safari/537.36"
::1 - - [13/Dec/2017:10:49:14 -0400] "GET /COLEGIO/pagina_principal/cerrar_session.php HTTP/1.1" 302 - "http://localhost/COLEGIO/Modulos/docente/guardar_notas.php" "Mozilla/5.0 (Windows NT 6.3) AppleWebKit/537.36 (KHTML, like Gecko) Chrome/62.0.3202.94 Safari/537.36"
::1 - - [13/Dec/2017:10:49:14 -0400] "GET /COLEGIO/pagina_principal/Inicio.php HTTP/1.1" 200 2068 "http://localhost/COLEGIO/Modulos/docente/guardar_notas.php" "Mozilla/5.0 (Windows NT 6.3) AppleWebKit/537.36 (KHTML, like Gecko) Chrome/62.0.3202.94 Safari/537.36"
::1 - - [13/Dec/2017:10:49:15 -0400] "GET /COLEGIO/pagina_principal/login.php HTTP/1.1" 200 2257 "http://localhost/COLEGIO/pagina_principal/Inicio.php" "Mozilla/5.0 (Windows NT 6.3) AppleWebKit/537.36 (KHTML, like Gecko) Chrome/62.0.3202.94 Safari/537.36"
::1 - - [13/Dec/2017:10:49:24 -0400] "POST /COLEGIO/pagina_principal/validar-login.php HTTP/1.1" 302 1804 "http://localhost/COLEGIO/pagina_principal/login.php" "Mozilla/5.0 (Windows NT 6.3) AppleWebKit/537.36 (KHTML, like Gecko) Chrome/62.0.3202.94 Safari/537.36"
::1 - - [13/Dec/2017:10:49:24 -0400] "GET /COLEGIO/Modulos/estudiante HTTP/1.1" 301 352 "http://localhost/COLEGIO/pagina_principal/login.php" "Mozilla/5.0 (Windows NT 6.3) AppleWebKit/537.36 (KHTML, like Gecko) Chrome/62.0.3202.94 Safari/537.36"
::1 - - [13/Dec/2017:10:49:24 -0400] "GET /COLEGIO/Modulos/estudiante/ HTTP/1.1" 200 1889 "http://localhost/COLEGIO/pagina_principal/login.php" "Mozilla/5.0 (Windows NT 6.3) AppleWebKit/537.36 (KHTML, like Gecko) Chrome/62.0.3202.94 Safari/537.36"
::1 - - [13/Dec/2017:10:49:27 -0400] "GET /COLEGIO/Modulos/estudiante/MisNotas.php HTTP/1.1" 200 2105 "http://localhost/COLEGIO/Modulos/estudiante/" "Mozilla/5.0 (Windows NT 6.3) AppleWebKit/537.36 (KHTML, like Gecko) Chrome/62.0.3202.94 Safari/537.36"
::1 - - [13/Dec/2017:10:49:28 -0400] "GET /COLEGIO/Modulos/estudiante/Notas-Primer-Lapso.php HTTP/1.1" 200 2436 "http://localhost/COLEGIO/Modulos/estudiante/MisNotas.php" "Mozilla/5.0 (Windows NT 6.3) AppleWebKit/537.36 (KHTML, like Gecko) Chrome/62.0.3202.94 Safari/537.36"
::1 - - [13/Dec/2017:10:50:27 -0400] "GET /phpmyadmin/ HTTP/1.1" 200 13670 "-" "Mozilla/5.0 (Windows NT 6.3) AppleWebKit/537.36 (KHTML, like Gecko) Chrome/62.0.3202.94 Safari/537.36"
::1 - - [13/Dec/2017:10:50:30 -0400] "POST /phpmyadmin/navigation.php?ajax_request=1 HTTP/1.1" 200 2111 "-" "Mozilla/5.0 (Windows NT 6.3) AppleWebKit/537.36 (KHTML, like Gecko) Chrome/62.0.3202.94 Safari/537.36"
::1 - - [13/Dec/2017:10:50:31 -0400] "POST /phpmyadmin/db_structure.php?ajax_request=1&favorite_table=1&sync_favorite_tables=1 HTTP/1.1" 200 143 "-" "Mozilla/5.0 (Windows NT 6.3) AppleWebKit/537.36 (KHTML, like Gecko) Chrome/62.0.3202.94 Safari/537.36"
::1 - - [13/Dec/2017:10:50:30 -0400] "POST /phpmyadmin/version_check.php HTTP/1.1" 200 64 "-" "Mozilla/5.0 (Windows NT 6.3) AppleWebKit/537.36 (KHTML, like Gecko) Chrome/62.0.3202.94 Safari/537.36"
::1 - - [13/Dec/2017:10:50:32 -0400] "GET /phpmyadmin/db_structure.php?server=1&db=colegio_sja&ajax_request=true&ajax_page_request=true&_nocache=1513176632428185519 HTTP/1.1" 200 6074 "-" "Mozilla/5.0 (Windows NT 6.3) AppleWebKit/537.36 (KHTML, like Gecko) Chrome/62.0.3202.94 Safari/537.36"
::1 - - [13/Dec/2017:10:50:32 -0400] "GET /phpmyadmin/navigation.php?ajax_request=1&aPath=cm9vdA%3D%3D.Y29sZWdpb19zamE%3D&vPath=cm9vdA%3D%3D.Y29sZWdpb19zamE%3D&pos=0&pos2_name=&pos2_value=&searchClause=&searchClause2=&_nocache=1513176632966609459 HTTP/1.1" 200 2122 "-" "Mozilla/5.0 (Windows NT 6.3) AppleWebKit/537.36 (KHTML, like Gecko) Chrome/62.0.3202.94 Safari/537.36"
::1 - - [13/Dec/2017:10:50:34 -0400] "GET /phpmyadmin/sql.php?server=1&db=colegio_sja&table=nota&pos=0&ajax_request=true&ajax_page_request=true&_nocache=1513176634670143804 HTTP/1.1" 200 9464 "-" "Mozilla/5.0 (Windows NT 6.3) AppleWebKit/537.36 (KHTML, like Gecko) Chrome/62.0.3202.94 Safari/537.36"
::1 - - [13/Dec/2017:10:50:35 -0400] "GET /phpmyadmin/js/get_scripts.js.php?scripts%5B%5D=jquery/jquery.uitablefilter.js&scripts%5B%5D=gis_data_editor.js&scripts%5B%5D=multi_column_sort.js&scripts%5B%5D=makegrid.js&scripts%5B%5D=sql.js&call_done=1&v=4.7.4&call_done=1&v=4.7.4 HTTP/1.1" 200 32289 "-" "Mozilla/5.0 (Windows NT 6.3) AppleWebKit/537.36 (KHTML, like Gecko) Chrome/62.0.3202.94 Safari/537.36"
::1 - - [13/Dec/2017:10:50:35 -0400] "GET /phpmyadmin/index.php?ajax_request=1&recent_table=1&no_debug=true&_nocache=1513176635684647538 HTTP/1.1" 200 1426 "-" "Mozilla/5.0 (Windows NT 6.3) AppleWebKit/537.36 (KHTML, like Gecko) Chrome/62.0.3202.94 Safari/537.36"
::1 - - [13/Dec/2017:10:51:58 -0400] "GET /COLEGIO/pagina_principal/cerrar_session.php HTTP/1.1" 302 - "http://localhost/COLEGIO/Modulos/estudiante/Notas-Primer-Lapso.php" "Mozilla/5.0 (Windows NT 6.3) AppleWebKit/537.36 (KHTML, like Gecko) Chrome/62.0.3202.94 Safari/537.36"
::1 - - [13/Dec/2017:10:51:58 -0400] "GET /COLEGIO/pagina_principal/Inicio.php HTTP/1.1" 200 2068 "http://localhost/COLEGIO/Modulos/estudiante/Notas-Primer-Lapso.php" "Mozilla/5.0 (Windows NT 6.3) AppleWebKit/537.36 (KHTML, like Gecko) Chrome/62.0.3202.94 Safari/537.36"
::1 - - [13/Dec/2017:10:51:59 -0400] "GET /COLEGIO/pagina_principal/login.php HTTP/1.1" 200 2257 "http://localhost/COLEGIO/pagina_principal/Inicio.php" "Mozilla/5.0 (Windows NT 6.3) AppleWebKit/537.36 (KHTML, like Gecko) Chrome/62.0.3202.94 Safari/537.36"
::1 - - [13/Dec/2017:10:52:13 -0400] "GET /phpmyadmin/sql.php?server=1&db=colegio_sja&table=nota&pos=0&ajax_request=true&ajax_page_request=true&_nocache=1513176733957368307 HTTP/1.1" 200 9466 "-" "Mozilla/5.0 (Windows NT 6.3) AppleWebKit/537.36 (KHTML, like Gecko) Chrome/62.0.3202.94 Safari/537.36"
::1 - - [13/Dec/2017:10:52:14 -0400] "GET /phpmyadmin/index.php?ajax_request=1&recent_table=1&no_debug=true&_nocache=1513176734387837833 HTTP/1.1" 200 1426 "-" "Mozilla/5.0 (Windows NT 6.3) AppleWebKit/537.36 (KHTML, like Gecko) Chrome/62.0.3202.94 Safari/537.36"
::1 - - [13/Dec/2017:10:53:42 -0400] "POST /COLEGIO/pagina_principal/validar-login.php HTTP/1.1" 302 1804 "http://localhost/COLEGIO/pagina_principal/login.php" "Mozilla/5.0 (Windows NT 6.3) AppleWebKit/537.36 (KHTML, like Gecko) Chrome/62.0.3202.94 Safari/537.36"
::1 - - [13/Dec/2017:10:53:42 -0400] "GET /COLEGIO/Modulos/admin HTTP/1.1" 301 347 "http://localhost/COLEGIO/pagina_principal/login.php" "Mozilla/5.0 (Windows NT 6.3) AppleWebKit/537.36 (KHTML, like Gecko) Chrome/62.0.3202.94 Safari/537.36"
::1 - - [13/Dec/2017:10:53:42 -0400] "GET /COLEGIO/Modulos/admin/ HTTP/1.1" 200 3671 "http://localhost/COLEGIO/pagina_principal/login.php" "Mozilla/5.0 (Windows NT 6.3) AppleWebKit/537.36 (KHTML, like Gecko) Chrome/62.0.3202.94 Safari/537.36"
::1 - - [13/Dec/2017:10:53:52 -0400] "GET /COLEGIO/Modulos/admin/Administrador.php HTTP/1.1" 200 5416 "http://localhost/COLEGIO/Modulos/admin/" "Mozilla/5.0 (Windows NT 6.3) AppleWebKit/537.36 (KHTML, like Gecko) Chrome/62.0.3202.94 Safari/537.36"
::1 - - [13/Dec/2017:10:54:51 -0400] "GET /phpmyadmin/sql.php?server=1&db=colegio_sja&table=alumno&pos=0&ajax_request=true&ajax_page_request=true&_nocache=1513176891247949523 HTTP/1.1" 200 10401 "-" "Mozilla/5.0 (Windows NT 6.3) AppleWebKit/537.36 (KHTML, like Gecko) Chrome/62.0.3202.94 Safari/537.36"
::1 - - [13/Dec/2017:10:54:51 -0400] "GET /phpmyadmin/index.php?ajax_request=1&recent_table=1&no_debug=true&_nocache=1513176891972136497 HTTP/1.1" 200 1426 "-" "Mozilla/5.0 (Windows NT 6.3) AppleWebKit/537.36 (KHTML, like Gecko) Chrome/62.0.3202.94 Safari/537.36"
::1 - - [13/Dec/2017:10:55:10 -0400] "GET /phpmyadmin/themes/pmahomme/jquery/images/ui-bg_highlight-soft_75_cccccc_1x100.png HTTP/1.1" 200 123 "http://localhost/phpmyadmin/themes/pmahomme/jquery/jquery-ui.css" "Mozilla/5.0 (Windows NT 6.3) AppleWebKit/537.36 (KHTML, like Gecko) Chrome/62.0.3202.94 Safari/537.36"
::1 - - [13/Dec/2017:10:55:10 -0400] "GET /phpmyadmin/themes/pmahomme/jquery/images/ui-bg_glass_75_e6e6e6_1x400.png HTTP/1.1" 200 121 "http://localhost/phpmyadmin/themes/pmahomme/jquery/jquery-ui.css" "Mozilla/5.0 (Windows NT 6.3) AppleWebKit/537.36 (KHTML, like Gecko) Chrome/62.0.3202.94 Safari/537.36"
::1 - - [13/Dec/2017:10:55:10 -0400] "GET /phpmyadmin/themes/pmahomme/jquery/images/ui-icons_888888_256x240.png HTTP/1.1" 200 4262 "http://localhost/phpmyadmin/themes/pmahomme/jquery/jquery-ui.css" "Mozilla/5.0 (Windows NT 6.3) AppleWebKit/537.36 (KHTML, like Gecko) Chrome/62.0.3202.94 Safari/537.36"
::1 - - [13/Dec/2017:10:55:10 -0400] "GET /phpmyadmin/themes/pmahomme/jquery/images/ui-icons_222222_256x240.png HTTP/1.1" 200 4262 "http://localhost/phpmyadmin/themes/pmahomme/jquery/jquery-ui.css" "Mozilla/5.0 (Windows NT 6.3) AppleWebKit/537.36 (KHTML, like Gecko) Chrome/62.0.3202.94 Safari/537.36"
::1 - - [13/Dec/2017:10:55:10 -0400] "GET /phpmyadmin/themes/pmahomme/jquery/images/ui-bg_glass_75_dadada_1x400.png HTTP/1.1" 200 127 "http://localhost/phpmyadmin/themes/pmahomme/jquery/jquery-ui.css" "Mozilla/5.0 (Windows NT 6.3) AppleWebKit/537.36 (KHTML, like Gecko) Chrome/62.0.3202.94 Safari/537.36"
::1 - - [13/Dec/2017:10:55:11 -0400] "GET /phpmyadmin/themes/pmahomme/jquery/images/ui-bg_glass_65_ffffff_1x400.png HTTP/1.1" 200 74 "http://localhost/phpmyadmin/themes/pmahomme/jquery/jquery-ui.css" "Mozilla/5.0 (Windows NT 6.3) AppleWebKit/537.36 (KHTML, like Gecko) Chrome/62.0.3202.94 Safari/537.36"
::1 - - [13/Dec/2017:10:55:17 -0400] "POST /phpmyadmin/sql.php HTTP/1.1" 200 13533 "-" "Mozilla/5.0 (Windows NT 6.3) AppleWebKit/537.36 (KHTML, like Gecko) Chrome/62.0.3202.94 Safari/537.36"
::1 - - [13/Dec/2017:10:55:18 -0400] "GET /phpmyadmin/index.php?ajax_request=1&recent_table=1&no_debug=true&_nocache=1513176918559743823 HTTP/1.1" 200 1426 "-" "Mozilla/5.0 (Windows NT 6.3) AppleWebKit/537.36 (KHTML, like Gecko) Chrome/62.0.3202.94 Safari/537.36"
::1 - - [13/Dec/2017:10:55:33 -0400] "POST /phpmyadmin/tbl_row_action.php HTTP/1.1" 200 2522 "-" "Mozilla/5.0 (Windows NT 6.3) AppleWebKit/537.36 (KHTML, like Gecko) Chrome/62.0.3202.94 Safari/537.36"
::1 - - [13/Dec/2017:10:55:34 -0400] "GET /phpmyadmin/index.php?ajax_request=1&recent_table=1&no_debug=true&_nocache=1513176934209262707 HTTP/1.1" 200 1426 "-" "Mozilla/5.0 (Windows NT 6.3) AppleWebKit/537.36 (KHTML, like Gecko) Chrome/62.0.3202.94 Safari/537.36"
::1 - - [13/Dec/2017:10:55:35 -0400] "POST /phpmyadmin/tbl_row_action.php HTTP/1.1" 200 623 "-" "Mozilla/5.0 (Windows NT 6.3) AppleWebKit/537.36 (KHTML, like Gecko) Chrome/62.0.3202.94 Safari/537.36"
::1 - - [13/Dec/2017:10:55:38 -0400] "POST /phpmyadmin/tbl_row_action.php HTTP/1.1" 200 623 "-" "Mozilla/5.0 (Windows NT 6.3) AppleWebKit/537.36 (KHTML, like Gecko) Chrome/62.0.3202.94 Safari/537.36"
::1 - - [13/Dec/2017:10:55:46 -0400] "POST /phpmyadmin/tbl_row_action.php HTTP/1.1" 200 11103 "-" "Mozilla/5.0 (Windows NT 6.3) AppleWebKit/537.36 (KHTML, like Gecko) Chrome/62.0.3202.94 Safari/537.36"
::1 - - [13/Dec/2017:10:55:47 -0400] "GET /phpmyadmin/index.php?ajax_request=1&recent_table=1&no_debug=true&_nocache=1513176947300156431 HTTP/1.1" 200 1426 "-" "Mozilla/5.0 (Windows NT 6.3) AppleWebKit/537.36 (KHTML, like Gecko) Chrome/62.0.3202.94 Safari/537.36"
::1 - - [13/Dec/2017:10:55:48 -0400] "GET /phpmyadmin/sql.php?server=1&db=colegio_sja&table=nota&pos=0&ajax_request=true&ajax_page_request=true&_nocache=1513176948780180733 HTTP/1.1" 200 9464 "-" "Mozilla/5.0 (Windows NT 6.3) AppleWebKit/537.36 (KHTML, like Gecko) Chrome/62.0.3202.94 Safari/537.36"
::1 - - [13/Dec/2017:10:55:49 -0400] "GET /phpmyadmin/index.php?ajax_request=1&recent_table=1&no_debug=true&_nocache=151317694947536839 HTTP/1.1" 200 1426 "-" "Mozilla/5.0 (Windows NT 6.3) AppleWebKit/537.36 (KHTML, like Gecko) Chrome/62.0.3202.94 Safari/537.36"
::1 - - [13/Dec/2017:10:55:55 -0400] "POST /phpmyadmin/sql.php HTTP/1.1" 200 9623 "-" "Mozilla/5.0 (Windows NT 6.3) AppleWebKit/537.36 (KHTML, like Gecko) Chrome/62.0.3202.94 Safari/537.36"
::1 - - [13/Dec/2017:10:55:55 -0400] "GET /phpmyadmin/index.php?ajax_request=1&recent_table=1&no_debug=true&_nocache=1513176955730662340 HTTP/1.1" 200 1426 "-" "Mozilla/5.0 (Windows NT 6.3) AppleWebKit/537.36 (KHTML, like Gecko) Chrome/62.0.3202.94 Safari/537.36"
::1 - - [13/Dec/2017:10:56:11 -0400] "POST /phpmyadmin/tbl_row_action.php HTTP/1.1" 200 2056 "-" "Mozilla/5.0 (Windows NT 6.3) AppleWebKit/537.36 (KHTML, like Gecko) Chrome/62.0.3202.94 Safari/537.36"
::1 - - [13/Dec/2017:10:56:11 -0400] "GET /phpmyadmin/index.php?ajax_request=1&recent_table=1&no_debug=true&_nocache=1513176971296175685 HTTP/1.1" 200 1426 "-" "Mozilla/5.0 (Windows NT 6.3) AppleWebKit/537.36 (KHTML, like Gecko) Chrome/62.0.3202.94 Safari/537.36"
::1 - - [13/Dec/2017:10:56:12 -0400] "POST /phpmyadmin/tbl_row_action.php HTTP/1.1" 200 5466 "-" "Mozilla/5.0 (Windows NT 6.3) AppleWebKit/537.36 (KHTML, like Gecko) Chrome/62.0.3202.94 Safari/537.36"
::1 - - [13/Dec/2017:10:56:13 -0400] "GET /phpmyadmin/index.php?ajax_request=1&recent_table=1&no_debug=true&_nocache=1513176973360770133 HTTP/1.1" 200 1426 "-" "Mozilla/5.0 (Windows NT 6.3) AppleWebKit/537.36 (KHTML, like Gecko) Chrome/62.0.3202.94 Safari/537.36"
::1 - - [13/Dec/2017:10:56:18 -0400] "GET /phpmyadmin/sql.php?server=1&db=colegio_sja&table=usuario&pos=0&ajax_request=true&ajax_page_request=true&_nocache=1513176978563463222 HTTP/1.1" 200 7590 "-" "Mozilla/5.0 (Windows NT 6.3) AppleWebKit/537.36 (KHTML, like Gecko) Chrome/62.0.3202.94 Safari/537.36"
::1 - - [13/Dec/2017:10:56:18 -0400] "GET /phpmyadmin/index.php?ajax_request=1&recent_table=1&no_debug=true&_nocache=1513176978901924147 HTTP/1.1" 200 1438 "-" "Mozilla/5.0 (Windows NT 6.3) AppleWebKit/537.36 (KHTML, like Gecko) Chrome/62.0.3202.94 Safari/537.36"
::1 - - [13/Dec/2017:10:56:25 -0400] "POST /phpmyadmin/tbl_row_action.php HTTP/1.1" 200 1917 "-" "Mozilla/5.0 (Windows NT 6.3) AppleWebKit/537.36 (KHTML, like Gecko) Chrome/62.0.3202.94 Safari/537.36"
::1 - - [13/Dec/2017:10:56:25 -0400] "GET /phpmyadmin/index.php?ajax_request=1&recent_table=1&no_debug=true&_nocache=1513176985648838482 HTTP/1.1" 200 1438 "-" "Mozilla/5.0 (Windows NT 6.3) AppleWebKit/537.36 (KHTML, like Gecko) Chrome/62.0.3202.94 Safari/537.36"
::1 - - [13/Dec/2017:10:56:26 -0400] "POST /phpmyadmin/tbl_row_action.php HTTP/1.1" 200 5317 "-" "Mozilla/5.0 (Windows NT 6.3) AppleWebKit/537.36 (KHTML, like Gecko) Chrome/62.0.3202.94 Safari/537.36"
::1 - - [13/Dec/2017:10:56:27 -0400] "GET /phpmyadmin/index.php?ajax_request=1&recent_table=1&no_debug=true&_nocache=1513176987023303495 HTTP/1.1" 200 1438 "-" "Mozilla/5.0 (Windows NT 6.3) AppleWebKit/537.36 (KHTML, like Gecko) Chrome/62.0.3202.94 Safari/537.36"
::1 - - [13/Dec/2017:10:56:30 -0400] "GET /phpmyadmin/sql.php?server=1&db=colegio_sja&table=alumno&pos=0&ajax_request=true&ajax_page_request=true&_nocache=1513176990482843551 HTTP/1.1" 200 13328 "-" "Mozilla/5.0 (Windows NT 6.3) AppleWebKit/537.36 (KHTML, like Gecko) Chrome/62.0.3202.94 Safari/537.36"
::1 - - [13/Dec/2017:10:56:31 -0400] "GET /phpmyadmin/index.php?ajax_request=1&recent_table=1&no_debug=true&_nocache=1513176991343317957 HTTP/1.1" 200 1438 "-" "Mozilla/5.0 (Windows NT 6.3) AppleWebKit/537.36 (KHTML, like Gecko) Chrome/62.0.3202.94 Safari/537.36"
::1 - - [13/Dec/2017:10:56:50 -0400] "POST /phpmyadmin/tbl_row_action.php HTTP/1.1" 200 2522 "-" "Mozilla/5.0 (Windows NT 6.3) AppleWebKit/537.36 (KHTML, like Gecko) Chrome/62.0.3202.94 Safari/537.36"
::1 - - [13/Dec/2017:10:56:50 -0400] "GET /phpmyadmin/index.php?ajax_request=1&recent_table=1&no_debug=true&_nocache=1513177010216281907 HTTP/1.1" 200 1438 "-" "Mozilla/5.0 (Windows NT 6.3) AppleWebKit/537.36 (KHTML, like Gecko) Chrome/62.0.3202.94 Safari/537.36"
::1 - - [13/Dec/2017:10:56:56 -0400] "POST /phpmyadmin/tbl_row_action.php HTTP/1.1" 200 5417 "-" "Mozilla/5.0 (Windows NT 6.3) AppleWebKit/537.36 (KHTML, like Gecko) Chrome/62.0.3202.94 Safari/537.36"
::1 - - [13/Dec/2017:10:56:59 -0400] "GET /phpmyadmin/index.php?ajax_request=1&recent_table=1&no_debug=true&_nocache=1513177019276727624 HTTP/1.1" 200 1438 "-" "Mozilla/5.0 (Windows NT 6.3) AppleWebKit/537.36 (KHTML, like Gecko) Chrome/62.0.3202.94 Safari/537.36"
::1 - - [13/Dec/2017:10:57:06 -0400] "GET /phpmyadmin/sql.php?server=1&db=colegio_sja&table=a%C3%B1o&pos=0&ajax_request=true&ajax_page_request=true&_nocache=1513177026012106648 HTTP/1.1" 200 7161 "-" "Mozilla/5.0 (Windows NT 6.3) AppleWebKit/537.36 (KHTML, like Gecko) Chrome/62.0.3202.94 Safari/537.36"
::1 - - [13/Dec/2017:10:57:06 -0400] "GET /phpmyadmin/index.php?ajax_request=1&recent_table=1&no_debug=true&_nocache=1513177026382678372 HTTP/1.1" 200 1457 "-" "Mozilla/5.0 (Windows NT 6.3) AppleWebKit/537.36 (KHTML, like Gecko) Chrome/62.0.3202.94 Safari/537.36"
::1 - - [13/Dec/2017:10:57:08 -0400] "GET /phpmyadmin/sql.php?server=1&db=colegio_sja&table=docente&pos=0&ajax_request=true&ajax_page_request=true&_nocache=1513177028086563163 HTTP/1.1" 200 8969 "-" "Mozilla/5.0 (Windows NT 6.3) AppleWebKit/537.36 (KHTML, like Gecko) Chrome/62.0.3202.94 Safari/537.36"
::1 - - [13/Dec/2017:10:57:08 -0400] "GET /phpmyadmin/index.php?ajax_request=1&recent_table=1&no_debug=true&_nocache=1513177028515327439 HTTP/1.1" 200 1467 "-" "Mozilla/5.0 (Windows NT 6.3) AppleWebKit/537.36 (KHTML, like Gecko) Chrome/62.0.3202.94 Safari/537.36"
::1 - - [13/Dec/2017:10:57:12 -0400] "GET /phpmyadmin/sql.php?server=1&db=colegio_sja&table=materia&pos=0&ajax_request=true&ajax_page_request=true&_nocache=1513177032880845998 HTTP/1.1" 200 9182 "-" "Mozilla/5.0 (Windows NT 6.3) AppleWebKit/537.36 (KHTML, like Gecko) Chrome/62.0.3202.94 Safari/537.36"
::1 - - [13/Dec/2017:10:57:13 -0400] "GET /phpmyadmin/index.php?ajax_request=1&recent_table=1&no_debug=true&_nocache=1513177033418793341 HTTP/1.1" 200 1478 "-" "Mozilla/5.0 (Windows NT 6.3) AppleWebKit/537.36 (KHTML, like Gecko) Chrome/62.0.3202.94 Safari/537.36"
::1 - - [13/Dec/2017:10:58:38 -0400] "GET /COLEGIO/pagina_principal/cerrar_session.php HTTP/1.1" 302 - "http://localhost/COLEGIO/Modulos/admin/Administrador.php" "Mozilla/5.0 (Windows NT 6.3) AppleWebKit/537.36 (KHTML, like Gecko) Chrome/62.0.3202.94 Safari/537.36"
::1 - - [13/Dec/2017:10:58:38 -0400] "GET /COLEGIO/pagina_principal/Inicio.php HTTP/1.1" 200 2068 "http://localhost/COLEGIO/Modulos/admin/Administrador.php" "Mozilla/5.0 (Windows NT 6.3) AppleWebKit/537.36 (KHTML, like Gecko) Chrome/62.0.3202.94 Safari/537.36"
::1 - - [13/Dec/2017:14:22:34 -0400] "GET /COLEGIO/ HTTP/1.1" 200 231 "-" "Mozilla/5.0 (Windows NT 6.3) AppleWebKit/537.36 (KHTML, like Gecko) Chrome/62.0.3202.94 Safari/537.36"
::1 - - [13/Dec/2017:14:22:39 -0400] "GET /COLEGIO/pagina_principal/Inicio.php HTTP/1.1" 200 2068 "http://localhost/COLEGIO/" "Mozilla/5.0 (Windows NT 6.3) AppleWebKit/537.36 (KHTML, like Gecko) Chrome/62.0.3202.94 Safari/537.36"
::1 - - [13/Dec/2017:14:22:42 -0400] "GET /COLEGIO/pagina_principal/login.php HTTP/1.1" 200 2257 "http://localhost/COLEGIO/pagina_principal/Inicio.php" "Mozilla/5.0 (Windows NT 6.3) AppleWebKit/537.36 (KHTML, like Gecko) Chrome/62.0.3202.94 Safari/537.36"
::1 - - [13/Dec/2017:14:23:12 -0400] "POST /COLEGIO/pagina_principal/validar-login.php HTTP/1.1" 302 1804 "http://localhost/COLEGIO/pagina_principal/login.php" "Mozilla/5.0 (Windows NT 6.3) AppleWebKit/537.36 (KHTML, like Gecko) Chrome/62.0.3202.94 Safari/537.36"
::1 - - [13/Dec/2017:14:23:16 -0400] "GET /COLEGIO/Modulos/admin HTTP/1.1" 301 347 "http://localhost/COLEGIO/pagina_principal/login.php" "Mozilla/5.0 (Windows NT 6.3) AppleWebKit/537.36 (KHTML, like Gecko) Chrome/62.0.3202.94 Safari/537.36"
::1 - - [13/Dec/2017:14:23:16 -0400] "GET /COLEGIO/Modulos/admin/ HTTP/1.1" 200 3671 "http://localhost/COLEGIO/pagina_principal/login.php" "Mozilla/5.0 (Windows NT 6.3) AppleWebKit/537.36 (KHTML, like Gecko) Chrome/62.0.3202.94 Safari/537.36"
::1 - - [13/Dec/2017:14:23:22 -0400] "GET /COLEGIO/Modulos/admin/RegistrarDocente.php HTTP/1.1" 200 7345 "http://localhost/COLEGIO/Modulos/admin/" "Mozilla/5.0 (Windows NT 6.3) AppleWebKit/537.36 (KHTML, like Gecko) Chrome/62.0.3202.94 Safari/537.36"
::1 - - [13/Dec/2017:14:23:26 -0400] "GET /COLEGIO/Modulos/admin/Administrador.php HTTP/1.1" 200 5416 "http://localhost/COLEGIO/Modulos/admin/RegistrarDocente.php" "Mozilla/5.0 (Windows NT 6.3) AppleWebKit/537.36 (KHTML, like Gecko) Chrome/62.0.3202.94 Safari/537.36"
::1 - - [13/Dec/2017:14:24:58 -0400] "POST /COLEGIO/Modulos/admin/guardar_admin.php HTTP/1.1" 200 3619 "http://localhost/COLEGIO/Modulos/admin/Administrador.php" "Mozilla/5.0 (Windows NT 6.3) AppleWebKit/537.36 (KHTML, like Gecko) Chrome/62.0.3202.94 Safari/537.36"
::1 - - [13/Dec/2017:14:25:06 -0400] "GET /COLEGIO/pagina_principal/cerrar_session.php HTTP/1.1" 302 - "http://localhost/COLEGIO/Modulos/admin/guardar_admin.php" "Mozilla/5.0 (Windows NT 6.3) AppleWebKit/537.36 (KHTML, like Gecko) Chrome/62.0.3202.94 Safari/537.36"
::1 - - [13/Dec/2017:14:25:06 -0400] "GET /COLEGIO/pagina_principal/Inicio.php HTTP/1.1" 200 2068 "http://localhost/COLEGIO/Modulos/admin/guardar_admin.php" "Mozilla/5.0 (Windows NT 6.3) AppleWebKit/537.36 (KHTML, like Gecko) Chrome/62.0.3202.94 Safari/537.36"
::1 - - [13/Dec/2017:14:25:07 -0400] "GET /COLEGIO/pagina_principal/login.php HTTP/1.1" 200 2257 "http://localhost/COLEGIO/pagina_principal/Inicio.php" "Mozilla/5.0 (Windows NT 6.3) AppleWebKit/537.36 (KHTML, like Gecko) Chrome/62.0.3202.94 Safari/537.36"
::1 - - [13/Dec/2017:14:25:18 -0400] "POST /COLEGIO/pagina_principal/validar-login.php HTTP/1.1" 302 1804 "http://localhost/COLEGIO/pagina_principal/login.php" "Mozilla/5.0 (Windows NT 6.3) AppleWebKit/537.36 (KHTML, like Gecko) Chrome/62.0.3202.94 Safari/537.36"
::1 - - [13/Dec/2017:14:25:18 -0400] "GET /COLEGIO/Modulos/admin HTTP/1.1" 301 347 "http://localhost/COLEGIO/pagina_principal/login.php" "Mozilla/5.0 (Windows NT 6.3) AppleWebKit/537.36 (KHTML, like Gecko) Chrome/62.0.3202.94 Safari/537.36"
::1 - - [13/Dec/2017:14:25:18 -0400] "GET /COLEGIO/Modulos/admin/ HTTP/1.1" 200 3671 "http://localhost/COLEGIO/pagina_principal/login.php" "Mozilla/5.0 (Windows NT 6.3) AppleWebKit/537.36 (KHTML, like Gecko) Chrome/62.0.3202.94 Safari/537.36"
::1 - - [13/Dec/2017:14:25:21 -0400] "GET /COLEGIO/pagina_principal/cerrar_session.php HTTP/1.1" 302 - "http://localhost/COLEGIO/Modulos/admin/" "Mozilla/5.0 (Windows NT 6.3) AppleWebKit/537.36 (KHTML, like Gecko) Chrome/62.0.3202.94 Safari/537.36"
::1 - - [13/Dec/2017:14:25:21 -0400] "GET /COLEGIO/pagina_principal/Inicio.php HTTP/1.1" 200 2068 "http://localhost/COLEGIO/Modulos/admin/" "Mozilla/5.0 (Windows NT 6.3) AppleWebKit/537.36 (KHTML, like Gecko) Chrome/62.0.3202.94 Safari/537.36"
::1 - - [13/Dec/2017:14:25:23 -0400] "GET /COLEGIO/pagina_principal/login.php HTTP/1.1" 200 2257 "http://localhost/COLEGIO/pagina_principal/Inicio.php" "Mozilla/5.0 (Windows NT 6.3) AppleWebKit/537.36 (KHTML, like Gecko) Chrome/62.0.3202.94 Safari/537.36"
::1 - - [13/Dec/2017:14:25:29 -0400] "POST /COLEGIO/pagina_principal/validar-login.php HTTP/1.1" 200 2027 "http://localhost/COLEGIO/pagina_principal/login.php" "Mozilla/5.0 (Windows NT 6.3) AppleWebKit/537.36 (KHTML, like Gecko) Chrome/62.0.3202.94 Safari/537.36"
::1 - - [13/Dec/2017:14:25:31 -0400] "GET /COLEGIO/pagina_principal/login.php HTTP/1.1" 200 2257 "http://localhost/COLEGIO/pagina_principal/validar-login.php" "Mozilla/5.0 (Windows NT 6.3) AppleWebKit/537.36 (KHTML, like Gecko) Chrome/62.0.3202.94 Safari/537.36"
::1 - - [13/Dec/2017:14:25:43 -0400] "POST /COLEGIO/pagina_principal/validar-login.php HTTP/1.1" 302 1804 "http://localhost/COLEGIO/pagina_principal/login.php" "Mozilla/5.0 (Windows NT 6.3) AppleWebKit/537.36 (KHTML, like Gecko) Chrome/62.0.3202.94 Safari/537.36"
::1 - - [13/Dec/2017:14:25:43 -0400] "GET /COLEGIO/Modulos/admin HTTP/1.1" 301 347 "http://localhost/COLEGIO/pagina_principal/login.php" "Mozilla/5.0 (Windows NT 6.3) AppleWebKit/537.36 (KHTML, like Gecko) Chrome/62.0.3202.94 Safari/537.36"
::1 - - [13/Dec/2017:14:25:43 -0400] "GET /COLEGIO/Modulos/admin/ HTTP/1.1" 200 3671 "http://localhost/COLEGIO/pagina_principal/login.php" "Mozilla/5.0 (Windows NT 6.3) AppleWebKit/537.36 (KHTML, like Gecko) Chrome/62.0.3202.94 Safari/537.36"
::1 - - [13/Dec/2017:14:25:46 -0400] "GET /COLEGIO/Modulos/admin/Administrador.php HTTP/1.1" 200 5416 "http://localhost/COLEGIO/Modulos/admin/" "Mozilla/5.0 (Windows NT 6.3) AppleWebKit/537.36 (KHTML, like Gecko) Chrome/62.0.3202.94 Safari/537.36"
::1 - - [13/Dec/2017:14:26:24 -0400] "POST /COLEGIO/Modulos/admin/guardar_admin.php HTTP/1.1" 200 3834 "http://localhost/COLEGIO/Modulos/admin/Administrador.php" "Mozilla/5.0 (Windows NT 6.3) AppleWebKit/537.36 (KHTML, like Gecko) Chrome/62.0.3202.94 Safari/537.36"
::1 - - [13/Dec/2017:14:26:36 -0400] "GET /COLEGIO/Modulos/admin/Administrador.php HTTP/1.1" 200 5416 "http://localhost/COLEGIO/Modulos/admin/guardar_admin.php" "Mozilla/5.0 (Windows NT 6.3) AppleWebKit/537.36 (KHTML, like Gecko) Chrome/62.0.3202.94 Safari/537.36"
::1 - - [13/Dec/2017:14:26:46 -0400] "GET /COLEGIO/Modulos/admin/ConsultaDocentes.php HTTP/1.1" 200 4024 "http://localhost/COLEGIO/Modulos/admin/Administrador.php" "Mozilla/5.0 (Windows NT 6.3) AppleWebKit/537.36 (KHTML, like Gecko) Chrome/62.0.3202.94 Safari/537.36"
::1 - - [13/Dec/2017:14:26:51 -0400] "POST /COLEGIO/Modulos/admin/mostrar_docente.php HTTP/1.1" 200 3712 "http://localhost/COLEGIO/Modulos/admin/ConsultaDocentes.php" "Mozilla/5.0 (Windows NT 6.3) AppleWebKit/537.36 (KHTML, like Gecko) Chrome/62.0.3202.94 Safari/537.36"
::1 - - [13/Dec/2017:14:26:56 -0400] "GET /COLEGIO/Modulos/admin/Administrador.php HTTP/1.1" 200 5416 "http://localhost/COLEGIO/Modulos/admin/mostrar_docente.php" "Mozilla/5.0 (Windows NT 6.3) AppleWebKit/537.36 (KHTML, like Gecko) Chrome/62.0.3202.94 Safari/537.36"
::1 - - [13/Dec/2017:14:27:11 -0400] "GET /COLEGIO/Modulos/admin/VerDocentes.php HTTP/1.1" 200 5449 "http://localhost/COLEGIO/Modulos/admin/Administrador.php" "Mozilla/5.0 (Windows NT 6.3) AppleWebKit/537.36 (KHTML, like Gecko) Chrome/62.0.3202.94 Safari/537.36"
::1 - - [13/Dec/2017:14:27:18 -0400] "GET /COLEGIO/Modulos/admin/BloquearAlumno.php HTTP/1.1" 200 4028 "http://localhost/COLEGIO/Modulos/admin/VerDocentes.php" "Mozilla/5.0 (Windows NT 6.3) AppleWebKit/537.36 (KHTML, like Gecko) Chrome/62.0.3202.94 Safari/537.36"
::1 - - [13/Dec/2017:14:27:24 -0400] "GET /COLEGIO/Modulos/admin/ActualizarDatos.php HTTP/1.1" 200 4040 "http://localhost/COLEGIO/Modulos/admin/BloquearAlumno.php" "Mozilla/5.0 (Windows NT 6.3) AppleWebKit/537.36 (KHTML, like Gecko) Chrome/62.0.3202.94 Safari/537.36"
::1 - - [13/Dec/2017:14:27:32 -0400] "GET /COLEGIO/pagina_principal/cerrar_session.php HTTP/1.1" 302 - "http://localhost/COLEGIO/Modulos/admin/ActualizarDatos.php" "Mozilla/5.0 (Windows NT 6.3) AppleWebKit/537.36 (KHTML, like Gecko) Chrome/62.0.3202.94 Safari/537.36"
::1 - - [13/Dec/2017:14:27:32 -0400] "GET /COLEGIO/pagina_principal/Inicio.php HTTP/1.1" 200 2068 "http://localhost/COLEGIO/Modulos/admin/ActualizarDatos.php" "Mozilla/5.0 (Windows NT 6.3) AppleWebKit/537.36 (KHTML, like Gecko) Chrome/62.0.3202.94 Safari/537.36"
::1 - - [13/Dec/2017:14:27:34 -0400] "GET /COLEGIO/pagina_principal/login.php HTTP/1.1" 200 2257 "http://localhost/COLEGIO/pagina_principal/Inicio.php" "Mozilla/5.0 (Windows NT 6.3) AppleWebKit/537.36 (KHTML, like Gecko) Chrome/62.0.3202.94 Safari/537.36"
::1 - - [13/Dec/2017:14:27:44 -0400] "POST /COLEGIO/pagina_principal/validar-login.php HTTP/1.1" 200 2019 "http://localhost/COLEGIO/pagina_principal/login.php" "Mozilla/5.0 (Windows NT 6.3) AppleWebKit/537.36 (KHTML, like Gecko) Chrome/62.0.3202.94 Safari/537.36"
::1 - - [13/Dec/2017:14:27:46 -0400] "GET /COLEGIO/pagina_principal/login.php HTTP/1.1" 200 2257 "http://localhost/COLEGIO/pagina_principal/validar-login.php" "Mozilla/5.0 (Windows NT 6.3) AppleWebKit/537.36 (KHTML, like Gecko) Chrome/62.0.3202.94 Safari/537.36"
::1 - - [13/Dec/2017:14:27:54 -0400] "POST /COLEGIO/pagina_principal/validar-login.php HTTP/1.1" 200 2019 "http://localhost/COLEGIO/pagina_principal/login.php" "Mozilla/5.0 (Windows NT 6.3) AppleWebKit/537.36 (KHTML, like Gecko) Chrome/62.0.3202.94 Safari/537.36"
::1 - - [13/Dec/2017:14:27:56 -0400] "GET /COLEGIO/pagina_principal/login.php HTTP/1.1" 200 2257 "http://localhost/COLEGIO/pagina_principal/validar-login.php" "Mozilla/5.0 (Windows NT 6.3) AppleWebKit/537.36 (KHTML, like Gecko) Chrome/62.0.3202.94 Safari/537.36"
::1 - - [13/Dec/2017:14:28:02 -0400] "POST /COLEGIO/pagina_principal/validar-login.php HTTP/1.1" 302 1804 "http://localhost/COLEGIO/pagina_principal/login.php" "Mozilla/5.0 (Windows NT 6.3) AppleWebKit/537.36 (KHTML, like Gecko) Chrome/62.0.3202.94 Safari/537.36"
::1 - - [13/Dec/2017:14:28:02 -0400] "GET /COLEGIO/Modulos/admin HTTP/1.1" 301 347 "http://localhost/COLEGIO/pagina_principal/login.php" "Mozilla/5.0 (Windows NT 6.3) AppleWebKit/537.36 (KHTML, like Gecko) Chrome/62.0.3202.94 Safari/537.36"
::1 - - [13/Dec/2017:14:28:02 -0400] "GET /COLEGIO/Modulos/admin/ HTTP/1.1" 200 3671 "http://localhost/COLEGIO/pagina_principal/login.php" "Mozilla/5.0 (Windows NT 6.3) AppleWebKit/537.36 (KHTML, like Gecko) Chrome/62.0.3202.94 Safari/537.36"
::1 - - [13/Dec/2017:14:28:15 -0400] "GET /COLEGIO/Modulos/admin/ModificarNotas.php HTTP/1.1" 200 4024 "http://localhost/COLEGIO/Modulos/admin/" "Mozilla/5.0 (Windows NT 6.3) AppleWebKit/537.36 (KHTML, like Gecko) Chrome/62.0.3202.94 Safari/537.36"
::1 - - [13/Dec/2017:14:28:18 -0400] "GET /COLEGIO/Modulos/admin/RegistrarNotas.php HTTP/1.1" 200 4273 "http://localhost/COLEGIO/Modulos/admin/ModificarNotas.php" "Mozilla/5.0 (Windows NT 6.3) AppleWebKit/537.36 (KHTML, like Gecko) Chrome/62.0.3202.94 Safari/537.36"
::1 - - [13/Dec/2017:14:28:28 -0400] "GET /COLEGIO/Modulos/admin/RestaurarAlumno.php HTTP/1.1" 200 4180 "http://localhost/COLEGIO/Modulos/admin/RegistrarNotas.php" "Mozilla/5.0 (Windows NT 6.3) AppleWebKit/537.36 (KHTML, like Gecko) Chrome/62.0.3202.94 Safari/537.36"
::1 - - [13/Dec/2017:14:28:33 -0400] "GET /COLEGIO/pagina_principal/cerrar_session.php HTTP/1.1" 302 - "http://localhost/COLEGIO/Modulos/admin/RestaurarAlumno.php" "Mozilla/5.0 (Windows NT 6.3) AppleWebKit/537.36 (KHTML, like Gecko) Chrome/62.0.3202.94 Safari/537.36"
::1 - - [13/Dec/2017:14:28:33 -0400] "GET /COLEGIO/pagina_principal/Inicio.php HTTP/1.1" 200 2068 "http://localhost/COLEGIO/Modulos/admin/RestaurarAlumno.php" "Mozilla/5.0 (Windows NT 6.3) AppleWebKit/537.36 (KHTML, like Gecko) Chrome/62.0.3202.94 Safari/537.36"
